=================== Diff report for: Test9_smlp_toy_num_resp_mult_smlp_toy_num_resp_mult_pred_labeled_args_config.json ==================================
72a73,75
>     "model_caret_cross_validation": true,
>     "model_caret_return_train_score": false,
>     "model_caret_verbose": true,
145a149,152
>     "setup_caret_data_split_shuffle": true,
>     "setup_caret_fold": 0,
>     "setup_caret_session_id": null,
>     "setup_caret_verbose": true,
158a166,167
>     "tuner_caret_search_algorithm": "random",
>     "tuner_caret_tuner_verbose": true,
=================== End of Test9_smlp_toy_num_resp_mult_smlp_toy_num_resp_mult_pred_labeled_args_config.json diff report ================================
=================== Diff report for: test20_model_rerun_model_config.json ==================================
73a74,76
>     "model_caret_cross_validation": true,
>     "model_caret_return_train_score": false,
>     "model_caret_verbose": true,
147a151,154
>     "setup_caret_data_split_shuffle": true,
>     "setup_caret_fold": 0,
>     "setup_caret_session_id": null,
>     "setup_caret_verbose": true,
160a168,169
>     "tuner_caret_search_algorithm": "random",
>     "tuner_caret_tuner_verbose": true,
=================== End of test20_model_rerun_model_config.json diff report ================================
=================== Diff report for: Test16_Test8_smlp_toy_num_resp_mult_smlp_toy_num_resp_mult_pred_labeled.txt ==================================
87a88,111
> 
> smlp_logger - INFO - PREDICT ON NEW DATA
> 
> smlp_logger - INFO - Model prediction: start
> 
> smlp_logger - INFO - Model prediction: end
> 
> smlp_logger - INFO - Reporting prediction results: start
> 
> smlp_logger - INFO - Saving predictions summary into file: 
> ./Test16_Test8_smlp_toy_num_resp_mult_smlp_toy_num_resp_mult_pred_labeled_new_predictions_summary.csv
> 
> smlp_logger - INFO - Saving prediction precisions into file: 
> ./Test16_Test8_smlp_toy_num_resp_mult_smlp_toy_num_resp_mult_pred_labeled_new_prediction_precisions.csv
> 
> smlp_logger - INFO - Prediction on new data --  msqe: 8.026
> 
> smlp_logger - INFO - Prediction on new data --  r2_score: -1.032
> 
> smlp_logger - INFO - Reporting prediction results: end
> 
> smlp_logger - INFO - Running SMLP in mode "predict": End
> 
> smlp_logger - INFO - Executing run_smlp.py script: End
=================== End of Test16_Test8_smlp_toy_num_resp_mult_smlp_toy_num_resp_mult_pred_labeled.txt diff report ================================
=================== Diff report for: Test16_Test8_smlp_toy_num_resp_mult_smlp_toy_num_resp_mult_pred_labeled_new_predictions_summary.csv ==================================
diff: /home/mdmitry/github/smlp_tutorial/regr_smlp/code/Test16_Test8_smlp_toy_num_resp_mult_smlp_toy_num_resp_mult_pred_labeled_new_predictions_summary.csv: No such file or directory
=================== End of Test16_Test8_smlp_toy_num_resp_mult_smlp_toy_num_resp_mult_pred_labeled_new_predictions_summary.csv diff report ================================
=================== Diff report for: Test16_Test8_smlp_toy_num_resp_mult_smlp_toy_num_resp_mult_pred_labeled_new_prediction_precisions.csv ==================================
diff: /home/mdmitry/github/smlp_tutorial/regr_smlp/code/Test16_Test8_smlp_toy_num_resp_mult_smlp_toy_num_resp_mult_pred_labeled_new_prediction_precisions.csv: No such file or directory
=================== End of Test16_Test8_smlp_toy_num_resp_mult_smlp_toy_num_resp_mult_pred_labeled_new_prediction_precisions.csv diff report ================================
=================== Diff report for: test19_model_rerun_model_config.json ==================================
73a74,76
>     "model_caret_cross_validation": true,
>     "model_caret_return_train_score": false,
>     "model_caret_verbose": true,
147a151,154
>     "setup_caret_data_split_shuffle": true,
>     "setup_caret_fold": 0,
>     "setup_caret_session_id": null,
>     "setup_caret_verbose": true,
160a168,169
>     "tuner_caret_search_algorithm": "random",
>     "tuner_caret_tuner_verbose": true,
=================== End of test19_model_rerun_model_config.json diff report ================================
=================== Diff report for: test22_model_rerun_model_config.json ==================================
73a74,76
>     "model_caret_cross_validation": true,
>     "model_caret_return_train_score": false,
>     "model_caret_verbose": true,
147a151,154
>     "setup_caret_data_split_shuffle": true,
>     "setup_caret_fold": 0,
>     "setup_caret_session_id": null,
>     "setup_caret_verbose": true,
160a168,169
>     "tuner_caret_search_algorithm": "random",
>     "tuner_caret_tuner_verbose": true,
=================== End of test22_model_rerun_model_config.json diff report ================================
=================== Diff report for: test24_model_rerun_model_config.json ==================================
73a74,76
>     "model_caret_cross_validation": true,
>     "model_caret_return_train_score": false,
>     "model_caret_verbose": true,
147a151,154
>     "setup_caret_data_split_shuffle": true,
>     "setup_caret_fold": 0,
>     "setup_caret_session_id": null,
>     "setup_caret_verbose": true,
160a168,169
>     "tuner_caret_search_algorithm": "random",
>     "tuner_caret_tuner_verbose": true,
=================== End of test24_model_rerun_model_config.json diff report ================================
=================== Diff report for: test26_model_rerun_model_config.json ==================================
73a74,76
>     "model_caret_cross_validation": true,
>     "model_caret_return_train_score": false,
>     "model_caret_verbose": true,
147a151,154
>     "setup_caret_data_split_shuffle": true,
>     "setup_caret_fold": 0,
>     "setup_caret_session_id": null,
>     "setup_caret_verbose": true,
160a168,169
>     "tuner_caret_search_algorithm": "random",
>     "tuner_caret_tuner_verbose": true,
=================== End of test26_model_rerun_model_config.json diff report ================================
=================== Diff report for: Test29_smlp_toy_cls_metasymbol_colnames_mult.txt ==================================
95,96d94
< smlp_logger - WARNING - Range plots are not supported in this version of SMLP
< 
=================== End of Test29_smlp_toy_cls_metasymbol_colnames_mult.txt diff report ================================
=================== Diff report for: Test29_smlp_toy_cls_metasymbol_colnames_mult_features_ranking.csv ==================================
2,3c2,8
< PF 1,0,0,1,0.36363636363636365,0.48104569292083466,FMAX(xyz)_9.0_9.0_Bin_0__FMAX.xyz._4.0_4.0_Bin_0,FMAX(xyz),9.0:9.0,1:1,1,9.0,12.0,10.363636363636363,0.9791208740244552,FMAX.xyz.,4.0:4.0,1:1,1,2.0,4.0,2.727272727272727,0.7496555682941201,,NA:NA,NA:NA,NA,NA,NA,NA,NA,2.75,PSG,3.0,7.0,1.0,0.0,,,0.625,2.75,1.0,0.5289,0.625,0.4,0.34,0.7273,0.6066,5,none,0~~4~~9,1~~2~~3~~6~~7~~8~~10
< PF 1,0,0,1,0.36363636363636365,0.48104569292083466,FMAX(xyz)_9.0_9.0_Bin_0__categ__c10,FMAX(xyz),9.0:9.0,1:1,1,9.0,12.0,10.363636363636363,0.9791208740244552,categ,c10,NA:NA,NA,,,,,,NA:NA,NA:NA,NA,NA,NA,NA,NA,2.75,PSG,3.0,7.0,1.0,0.0,,,0.625,2.75,1.0,0.5289,0.625,0.4,0.34,0.7273,0.6066,5,none,0~~4~~9,1~~2~~3~~6~~7~~8~~10
---
> PF 1,0,0,1,0.36363636363636365,0.48104569292083466,p-3_8.0_8.0_Bin_0,p-3,8.0:8.0,1:1,1,3.0,8.0,5.454545454545454,1.6160353486028343,,NA:NA,NA:NA,NA,NA,NA,NA,NA,NA,,NA:NA,NA:NA,NA,NA,NA,NA,2.75,PSG,3.0,7.0,1.0,0.0,,,0.625,2.75,1.0,0.5289,0.625,0.4,0.34,0.7273,0.6066,4,none,0~~5~~9,1~~2~~3~~6~~7~~8~~10
> PF 1,0,0,1,0.36363636363636365,0.48104569292083466,p-3_3.0_3.0_Bin_0,p-3,3.0:3.0,1:1,1,3.0,8.0,5.454545454545454,1.6160353486028343,,NA:NA,NA:NA,NA,NA,NA,NA,NA,NA,,NA:NA,NA:NA,NA,NA,NA,NA,2.75,PSG,3.0,7.0,1.0,0.0,,,0.625,2.75,1.0,0.5289,0.625,0.4,0.34,0.7273,0.6066,0,none,4~~5~~9,1~~2~~3~~6~~7~~8~~10
> PF 1,0,0,1,0.36363636363636365,0.48104569292083466,categ__c5,categ,c5,NA:NA,NA,,,,,,NA:NA,NA:NA,NA,NA,NA,NA,NA,NA,,NA:NA,NA:NA,NA,NA,NA,NA,2.75,PSG,3.0,7.0,1.0,0.0,,,0.625,2.75,1.0,0.5289,0.625,0.4,0.34,0.7273,0.6066,4,none,0~~5~~9,1~~2~~3~~6~~7~~8~~10
> PF 1,0,0,1,0.36363636363636365,0.48104569292083466,categ__c14,categ,c14,NA:NA,NA,,,,,,NA:NA,NA:NA,NA,NA,NA,NA,NA,NA,,NA:NA,NA:NA,NA,NA,NA,NA,2.75,PSG,3.0,7.0,1.0,0.0,,,0.625,2.75,1.0,0.5289,0.625,0.4,0.34,0.7273,0.6066,0,none,4~~5~~9,1~~2~~3~~6~~7~~8~~10
> PF 1,0,0,1,0.36363636363636365,0.48104569292083466,categ__c11,categ,c11,NA:NA,NA,,,,,,NA:NA,NA:NA,NA,NA,NA,NA,NA,NA,,NA:NA,NA:NA,NA,NA,NA,NA,2.75,PSG,3.0,7.0,1.0,0.0,,,0.625,2.75,1.0,0.5289,0.625,0.4,0.34,0.7273,0.6066,9,none,0~~4~~5,1~~2~~3~~6~~7~~8~~10
> PF 1,0,0,1,0.36363636363636365,0.48104569292083466,categ__c10,categ,c10,NA:NA,NA,,,,,,NA:NA,NA:NA,NA,NA,NA,NA,NA,NA,,NA:NA,NA:NA,NA,NA,NA,NA,2.75,PSG,3.0,7.0,1.0,0.0,,,0.625,2.75,1.0,0.5289,0.625,0.4,0.34,0.7273,0.6066,5,none,0~~4~~9,1~~2~~3~~6~~7~~8~~10
> PF 1,0,0,1,0.36363636363636365,0.48104569292083466,FMAX.xyz._4.0_4.0_Bin_0__categ__c10,FMAX.xyz.,4.0:4.0,1:1,1,2.0,4.0,2.727272727272727,0.7496555682941201,categ,c10,NA:NA,NA,,,,,,NA:NA,NA:NA,NA,NA,NA,NA,NA,2.75,PSG,3.0,7.0,1.0,0.0,,,0.625,2.75,1.0,0.5289,0.625,0.4,0.34,0.7273,0.6066,5,none,0~~4~~9,1~~2~~3~~6~~7~~8~~10
5,6c10,17
< PF#,0,0,1,0.45454545454545453,0.49792959773196915,FMAX.xyz._3.0_3.0_Bin_0__categ__c19,FMAX.xyz.,3.0:3.0,1:1,1,2.0,4.0,2.727272727272727,0.7496555682941201,categ,c19,NA:NA,NA,,,,,,NA:NA,NA:NA,NA,NA,NA,NA,NA,2.2,PSG,4.0,6.0,1.0,0.0,,,0.6,2.2,1.0,0.5248,0.6,0.3333,0.2667,0.6364,0.5659,10,none,0~~1~~5~~7,2~~3~~4~~6~~8~~9
< PF#,0,0,1,0.45454545454545453,0.49792959773196915,FMAX.xyz._3.0_3.0_Bin_0__categ__c4,FMAX.xyz.,3.0:3.0,1:1,1,2.0,4.0,2.727272727272727,0.7496555682941201,categ,c4,NA:NA,NA,,,,,,NA:NA,NA:NA,NA,NA,NA,NA,NA,2.2,PSG,4.0,6.0,1.0,0.0,,,0.6,2.2,1.0,0.5248,0.6,0.3333,0.2667,0.6364,0.5659,7,none,0~~1~~5~~10,2~~3~~4~~6~~8~~9
---
> PF 1,0,0,1,0.36363636363636365,0.48104569292083466,FMAX(xyz)_9.0_9.0_Bin_0__categ__c10,FMAX(xyz),9.0:9.0,1:1,1,9.0,12.0,10.363636363636363,0.9791208740244552,categ,c10,NA:NA,NA,,,,,,NA:NA,NA:NA,NA,NA,NA,NA,NA,2.75,PSG,3.0,7.0,1.0,0.0,,,0.625,2.75,1.0,0.5289,0.625,0.4,0.34,0.7273,0.6066,5,none,0~~4~~9,1~~2~~3~~6~~7~~8~~10
> PF 1,0,0,1,0.36363636363636365,0.48104569292083466,FMAX(xyz)_9.0_9.0_Bin_0__FMAX.xyz._4.0_4.0_Bin_0,FMAX(xyz),9.0:9.0,1:1,1,9.0,12.0,10.363636363636363,0.9791208740244552,FMAX.xyz.,4.0:4.0,1:1,1,2.0,4.0,2.727272727272727,0.7496555682941201,,NA:NA,NA:NA,NA,NA,NA,NA,NA,2.75,PSG,3.0,7.0,1.0,0.0,,,0.625,2.75,1.0,0.5289,0.625,0.4,0.34,0.7273,0.6066,5,none,0~~4~~9,1~~2~~3~~6~~7~~8~~10
> PF#,0,0,1,0.45454545454545453,0.49792959773196915,p-3_3.0_3.0_Bin_0,p-3,3.0:3.0,1:1,1,3.0,8.0,5.454545454545454,1.6160353486028343,,NA:NA,NA:NA,NA,NA,NA,NA,NA,NA,,NA:NA,NA:NA,NA,NA,NA,NA,2.2,PSG,4.0,6.0,1.0,0.0,,,0.6,2.2,1.0,0.5248,0.6,0.3333,0.2667,0.6364,0.5659,0,none,1~~5~~7~~10,2~~3~~4~~6~~8~~9
> PF#,0,0,1,0.45454545454545453,0.49792959773196915,categ__c4,categ,c4,NA:NA,NA,,,,,,NA:NA,NA:NA,NA,NA,NA,NA,NA,NA,,NA:NA,NA:NA,NA,NA,NA,NA,2.2,PSG,4.0,6.0,1.0,0.0,,,0.6,2.2,1.0,0.5248,0.6,0.3333,0.2667,0.6364,0.5659,7,none,0~~1~~5~~10,2~~3~~4~~6~~8~~9
> PF#,0,0,1,0.45454545454545453,0.49792959773196915,categ__c19,categ,c19,NA:NA,NA,,,,,,NA:NA,NA:NA,NA,NA,NA,NA,NA,NA,,NA:NA,NA:NA,NA,NA,NA,NA,2.2,PSG,4.0,6.0,1.0,0.0,,,0.6,2.2,1.0,0.5248,0.6,0.3333,0.2667,0.6364,0.5659,10,none,0~~1~~5~~7,2~~3~~4~~6~~8~~9
> PF#,0,0,1,0.45454545454545453,0.49792959773196915,categ__c14,categ,c14,NA:NA,NA,,,,,,NA:NA,NA:NA,NA,NA,NA,NA,NA,NA,,NA:NA,NA:NA,NA,NA,NA,NA,2.2,PSG,4.0,6.0,1.0,0.0,,,0.6,2.2,1.0,0.5248,0.6,0.3333,0.2667,0.6364,0.5659,0,none,1~~5~~7~~10,2~~3~~4~~6~~8~~9
> PF#,0,0,1,0.45454545454545453,0.49792959773196915,categ__c10,categ,c10,NA:NA,NA,,,,,,NA:NA,NA:NA,NA,NA,NA,NA,NA,NA,,NA:NA,NA:NA,NA,NA,NA,NA,2.2,PSG,4.0,6.0,1.0,0.0,,,0.6,2.2,1.0,0.5248,0.6,0.3333,0.2667,0.6364,0.5659,5,none,0~~1~~7~~10,2~~3~~4~~6~~8~~9
> PF#,0,0,1,0.45454545454545453,0.49792959773196915,FMAX.xyz._4.0_4.0_Bin_0__categ__c10,FMAX.xyz.,4.0:4.0,1:1,1,2.0,4.0,2.727272727272727,0.7496555682941201,categ,c10,NA:NA,NA,,,,,,NA:NA,NA:NA,NA,NA,NA,NA,NA,2.2,PSG,4.0,6.0,1.0,0.0,,,0.6,2.2,1.0,0.5248,0.6,0.3333,0.2667,0.6364,0.5659,5,none,0~~1~~7~~10,2~~3~~4~~6~~8~~9
7a19,20
> PF#,0,0,1,0.45454545454545453,0.49792959773196915,FMAX.xyz._3.0_3.0_Bin_0__categ__c4,FMAX.xyz.,3.0:3.0,1:1,1,2.0,4.0,2.727272727272727,0.7496555682941201,categ,c4,NA:NA,NA,,,,,,NA:NA,NA:NA,NA,NA,NA,NA,NA,2.2,PSG,4.0,6.0,1.0,0.0,,,0.6,2.2,1.0,0.5248,0.6,0.3333,0.2667,0.6364,0.5659,7,none,0~~1~~5~~10,2~~3~~4~~6~~8~~9
> PF#,0,0,1,0.45454545454545453,0.49792959773196915,FMAX.xyz._3.0_3.0_Bin_0__categ__c19,FMAX.xyz.,3.0:3.0,1:1,1,2.0,4.0,2.727272727272727,0.7496555682941201,categ,c19,NA:NA,NA,,,,,,NA:NA,NA:NA,NA,NA,NA,NA,NA,2.2,PSG,4.0,6.0,1.0,0.0,,,0.6,2.2,1.0,0.5248,0.6,0.3333,0.2667,0.6364,0.5659,10,none,0~~1~~5~~7,2~~3~~4~~6~~8~~9
9,21d21
< PF 1,0,0,1,0.36363636363636365,0.48104569292083466,FMAX.xyz._4.0_4.0_Bin_0__categ__c10,FMAX.xyz.,4.0:4.0,1:1,1,2.0,4.0,2.727272727272727,0.7496555682941201,categ,c10,NA:NA,NA,,,,,,NA:NA,NA:NA,NA,NA,NA,NA,NA,2.75,PSG,3.0,7.0,1.0,0.0,,,0.625,2.75,1.0,0.5289,0.625,0.4,0.34,0.7273,0.6066,5,none,0~~4~~9,1~~2~~3~~6~~7~~8~~10
< PF#,0,0,1,0.45454545454545453,0.49792959773196915,FMAX.xyz._4.0_4.0_Bin_0__categ__c10,FMAX.xyz.,4.0:4.0,1:1,1,2.0,4.0,2.727272727272727,0.7496555682941201,categ,c10,NA:NA,NA,,,,,,NA:NA,NA:NA,NA,NA,NA,NA,NA,2.2,PSG,4.0,6.0,1.0,0.0,,,0.6,2.2,1.0,0.5248,0.6,0.3333,0.2667,0.6364,0.5659,5,none,0~~1~~7~~10,2~~3~~4~~6~~8~~9
< PF 1,0,0,1,0.36363636363636365,0.48104569292083466,categ__c10,categ,c10,NA:NA,NA,,,,,,NA:NA,NA:NA,NA,NA,NA,NA,NA,NA,,NA:NA,NA:NA,NA,NA,NA,NA,2.75,PSG,3.0,7.0,1.0,0.0,,,0.625,2.75,1.0,0.5289,0.625,0.4,0.34,0.7273,0.6066,5,none,0~~4~~9,1~~2~~3~~6~~7~~8~~10
< PF#,0,0,1,0.45454545454545453,0.49792959773196915,categ__c10,categ,c10,NA:NA,NA,,,,,,NA:NA,NA:NA,NA,NA,NA,NA,NA,NA,,NA:NA,NA:NA,NA,NA,NA,NA,2.2,PSG,4.0,6.0,1.0,0.0,,,0.6,2.2,1.0,0.5248,0.6,0.3333,0.2667,0.6364,0.5659,5,none,0~~1~~7~~10,2~~3~~4~~6~~8~~9
< PF 1,0,0,1,0.36363636363636365,0.48104569292083466,categ__c11,categ,c11,NA:NA,NA,,,,,,NA:NA,NA:NA,NA,NA,NA,NA,NA,NA,,NA:NA,NA:NA,NA,NA,NA,NA,2.75,PSG,3.0,7.0,1.0,0.0,,,0.625,2.75,1.0,0.5289,0.625,0.4,0.34,0.7273,0.6066,9,none,0~~4~~5,1~~2~~3~~6~~7~~8~~10
< PF 1,0,0,1,0.36363636363636365,0.48104569292083466,categ__c14,categ,c14,NA:NA,NA,,,,,,NA:NA,NA:NA,NA,NA,NA,NA,NA,NA,,NA:NA,NA:NA,NA,NA,NA,NA,2.75,PSG,3.0,7.0,1.0,0.0,,,0.625,2.75,1.0,0.5289,0.625,0.4,0.34,0.7273,0.6066,0,none,4~~5~~9,1~~2~~3~~6~~7~~8~~10
< PF#,0,0,1,0.45454545454545453,0.49792959773196915,categ__c14,categ,c14,NA:NA,NA,,,,,,NA:NA,NA:NA,NA,NA,NA,NA,NA,NA,,NA:NA,NA:NA,NA,NA,NA,NA,2.2,PSG,4.0,6.0,1.0,0.0,,,0.6,2.2,1.0,0.5248,0.6,0.3333,0.2667,0.6364,0.5659,0,none,1~~5~~7~~10,2~~3~~4~~6~~8~~9
< PF#,0,0,1,0.45454545454545453,0.49792959773196915,categ__c19,categ,c19,NA:NA,NA,,,,,,NA:NA,NA:NA,NA,NA,NA,NA,NA,NA,,NA:NA,NA:NA,NA,NA,NA,NA,2.2,PSG,4.0,6.0,1.0,0.0,,,0.6,2.2,1.0,0.5248,0.6,0.3333,0.2667,0.6364,0.5659,10,none,0~~1~~5~~7,2~~3~~4~~6~~8~~9
< PF#,0,0,1,0.45454545454545453,0.49792959773196915,categ__c4,categ,c4,NA:NA,NA,,,,,,NA:NA,NA:NA,NA,NA,NA,NA,NA,NA,,NA:NA,NA:NA,NA,NA,NA,NA,2.2,PSG,4.0,6.0,1.0,0.0,,,0.6,2.2,1.0,0.5248,0.6,0.3333,0.2667,0.6364,0.5659,7,none,0~~1~~5~~10,2~~3~~4~~6~~8~~9
< PF 1,0,0,1,0.36363636363636365,0.48104569292083466,categ__c5,categ,c5,NA:NA,NA,,,,,,NA:NA,NA:NA,NA,NA,NA,NA,NA,NA,,NA:NA,NA:NA,NA,NA,NA,NA,2.75,PSG,3.0,7.0,1.0,0.0,,,0.625,2.75,1.0,0.5289,0.625,0.4,0.34,0.7273,0.6066,4,none,0~~5~~9,1~~2~~3~~6~~7~~8~~10
< PF 1,0,0,1,0.36363636363636365,0.48104569292083466,p-3_3.0_3.0_Bin_0,p-3,3.0:3.0,1:1,1,3.0,8.0,5.454545454545454,1.6160353486028343,,NA:NA,NA:NA,NA,NA,NA,NA,NA,NA,,NA:NA,NA:NA,NA,NA,NA,NA,2.75,PSG,3.0,7.0,1.0,0.0,,,0.625,2.75,1.0,0.5289,0.625,0.4,0.34,0.7273,0.6066,0,none,4~~5~~9,1~~2~~3~~6~~7~~8~~10
< PF#,0,0,1,0.45454545454545453,0.49792959773196915,p-3_3.0_3.0_Bin_0,p-3,3.0:3.0,1:1,1,3.0,8.0,5.454545454545454,1.6160353486028343,,NA:NA,NA:NA,NA,NA,NA,NA,NA,NA,,NA:NA,NA:NA,NA,NA,NA,NA,2.2,PSG,4.0,6.0,1.0,0.0,,,0.6,2.2,1.0,0.5248,0.6,0.3333,0.2667,0.6364,0.5659,0,none,1~~5~~7~~10,2~~3~~4~~6~~8~~9
< PF 1,0,0,1,0.36363636363636365,0.48104569292083466,p-3_8.0_8.0_Bin_0,p-3,8.0:8.0,1:1,1,3.0,8.0,5.454545454545454,1.6160353486028343,,NA:NA,NA:NA,NA,NA,NA,NA,NA,NA,,NA:NA,NA:NA,NA,NA,NA,NA,2.75,PSG,3.0,7.0,1.0,0.0,,,0.625,2.75,1.0,0.5289,0.625,0.4,0.34,0.7273,0.6066,4,none,0~~5~~9,1~~2~~3~~6~~7~~8~~10
=================== End of Test29_smlp_toy_cls_metasymbol_colnames_mult_features_ranking.csv diff report ================================
=================== Diff report for: Test29_smlp_toy_cls_metasymbol_colnames_mult_ranking_resp_feat.csv ==================================
1,12c1,12
< FMAX(xyz),FMAX.xyz.,categ,p-3,PF 1,PF#
< 10.0,2.0,c14,3,1,1
< 12.0,2.0,c15,4,0,1
< 10.0,3.0,c1,4,0,0
< 11.0,2.0,c9,6,0,0
< 10.0,2.0,c5,8,1,0
< 9.0,4.0,c10,7,1,1
< 9.0,3.0,c13,6,0,0
< 10.0,3.0,c4,4,0,1
< 11.0,4.0,c15,4,0,0
< 12.0,2.0,c11,7,1,0
< 10.0,3.0,c19,7,0,1
---
> p-3,categ,FMAX.xyz.,FMAX(xyz),PF 1,PF#
> 3,c14,2.0,10.0,1,1
> 4,c15,2.0,12.0,0,1
> 4,c1,3.0,10.0,0,0
> 6,c9,2.0,11.0,0,0
> 8,c5,2.0,10.0,1,0
> 7,c10,4.0,9.0,1,1
> 6,c13,3.0,9.0,0,0
> 4,c4,3.0,10.0,0,1
> 4,c15,4.0,11.0,0,0
> 7,c11,2.0,12.0,1,0
> 7,c19,3.0,10.0,0,1
=================== End of Test29_smlp_toy_cls_metasymbol_colnames_mult_ranking_resp_feat.csv diff report ================================
=================== Diff report for: Test30_smlp_toy_num_resp_mult.txt ==================================
95,96d94
< smlp_logger - WARNING - Range plots are not supported in this version of SMLP
< 
=================== End of Test30_smlp_toy_num_resp_mult.txt diff report ================================
=================== Diff report for: Test30_smlp_toy_num_resp_mult_features_ranking.csv ==================================
2,13d1
< y2,0,5,9,6.818181818181818,1.9917183909278766,p1_2.0_2.0_Bin_0__p2_3.0_3.0_Bin_0,p1,2.0:2.0,1:1,1,2.0,4.0,2.727272727272727,0.7496555682941201,p2,3.0:3.0,1:1,1,3,8,5.454545454545454,1.6160353486028343,,NA:NA,NA:NA,NA,NA,NA,NA,NA,1.32,PSG,4.0,6.0,1.0,0.0,,,0.6,2.2,1.0,0.5248,0.6,0.3333,0.2667,0.6364,0.5659
< y1,0,5,9,6.818181818181818,1.9917183909278766,p1_2.0_2.0_Bin_0__p2_4.0_4.0_Bin_0,p1,2.0:2.0,1:1,1,2.0,4.0,2.727272727272727,0.7496555682941201,p2,4.0:4.0,1:1,1,3,8,5.454545454545454,1.6160353486028343,,NA:NA,NA:NA,NA,NA,NA,NA,NA,1.32,PSG,4.0,6.0,1.0,0.0,,,0.6,2.2,1.0,0.5248,0.6,0.3333,0.2667,0.6364,0.5659
< y2,0,5,9,6.818181818181818,1.9917183909278766,p1_2.0_2.0_Bin_0__p2_4.0_4.0_Bin_0,p1,2.0:2.0,1:1,1,2.0,4.0,2.727272727272727,0.7496555682941201,p2,4.0:4.0,1:1,1,3,8,5.454545454545454,1.6160353486028343,,NA:NA,NA:NA,NA,NA,NA,NA,NA,1.32,PSG,4.0,6.0,1.0,0.0,,,0.6,2.2,1.0,0.5248,0.6,0.3333,0.2667,0.6364,0.5659
< y1,0,5,9,6.818181818181818,1.9917183909278766,p1_2.0_2.0_Bin_0__p2_8.0_8.0_Bin_0,p1,2.0:2.0,1:1,1,2.0,4.0,2.727272727272727,0.7496555682941201,p2,8.0:8.0,1:1,1,3,8,5.454545454545454,1.6160353486028343,,NA:NA,NA:NA,NA,NA,NA,NA,NA,1.32,PSG,4.0,6.0,1.0,0.0,,,0.6,2.2,1.0,0.5248,0.6,0.3333,0.2667,0.6364,0.5659
< y1,0,5,9,6.818181818181818,1.9917183909278766,p1_4.0_4.0_Bin_0,p1,4.0:4.0,1:1,1,2.0,4.0,2.727272727272727,0.7496555682941201,,NA:NA,NA:NA,NA,NA,NA,NA,NA,NA,,NA:NA,NA:NA,NA,NA,NA,NA,1.32,PSG,3.0,6.0,2.0,0.0,,,0.7,2.2,1.0,0.5496,0.7,0.5714,0.4762,0.7273,0.6749
< y2,0,5,9,6.818181818181818,1.9917183909278766,p1_4.0_4.0_Bin_0,p1,4.0:4.0,1:1,1,2.0,4.0,2.727272727272727,0.7496555682941201,,NA:NA,NA:NA,NA,NA,NA,NA,NA,NA,,NA:NA,NA:NA,NA,NA,NA,NA,1.32,PSG,3.0,6.0,2.0,0.0,,,0.7,2.2,1.0,0.5496,0.7,0.5714,0.4762,0.7273,0.6749
< y2,0,5,9,6.818181818181818,1.9917183909278766,p2_3.0_3.0_Bin_0,p2,3.0:3.0,1:1,1,3.0,8.0,5.454545454545454,1.6160353486028343,,NA:NA,NA:NA,NA,NA,NA,NA,NA,NA,,NA:NA,NA:NA,NA,NA,NA,NA,1.32,PSG,4.0,6.0,1.0,0.0,,,0.6,2.2,1.0,0.5248,0.6,0.3333,0.2667,0.6364,0.5659
< y1,0,5,9,6.818181818181818,1.9917183909278766,p2_4.0_4.0_Bin_0__p1_4.0_4.0_Bin_0,p2,4.0:4.0,1:1,1,3.0,8.0,5.454545454545454,1.6160353486028343,p1,4.0:4.0,1:1,1,2.0,4.0,2.727272727272727,0.7496555682941201,,NA:NA,NA:NA,NA,NA,NA,NA,NA,1.32,PSG,4.0,6.0,1.0,0.0,,,0.6,2.2,1.0,0.5248,0.6,0.3333,0.2667,0.6364,0.5659
< y1,0,5,9,6.818181818181818,1.9917183909278766,p2_4.0_4.0_Bin_0__x_11.0_11.0_Bin_0,p2,4.0:4.0,1:1,1,3.0,8.0,5.454545454545454,1.6160353486028343,x,11.0:11.0,1:1,1,9.0,12.0,10.363636363636363,0.9791208740244552,,NA:NA,NA:NA,NA,NA,NA,NA,NA,1.32,PSG,4.0,6.0,1.0,0.0,,,0.6,2.2,1.0,0.5248,0.6,0.3333,0.2667,0.6364,0.5659
< y1,0,5,9,6.818181818181818,1.9917183909278766,p2_4.0_4.0_Bin_0__x_12.0_12.0_Bin_0,p2,4.0:4.0,1:1,1,3.0,8.0,5.454545454545454,1.6160353486028343,x,12.0:12.0,1:1,1,9.0,12.0,10.363636363636363,0.9791208740244552,,NA:NA,NA:NA,NA,NA,NA,NA,NA,1.32,PSG,4.0,6.0,1.0,0.0,,,0.6,2.2,1.0,0.5248,0.6,0.3333,0.2667,0.6364,0.5659
< y2,0,5,9,6.818181818181818,1.9917183909278766,p2_7.0_7.0_Bin_0__p1_4.0_4.0_Bin_0,p2,7.0:7.0,1:1,1,3.0,8.0,5.454545454545454,1.6160353486028343,p1,4.0:4.0,1:1,1,2.0,4.0,2.727272727272727,0.7496555682941201,,NA:NA,NA:NA,NA,NA,NA,NA,NA,1.32,PSG,4.0,6.0,1.0,0.0,,,0.6,2.2,1.0,0.5248,0.6,0.3333,0.2667,0.6364,0.5659
< y2,0,5,9,6.818181818181818,1.9917183909278766,p2_7.0_7.0_Bin_0__x_9.0_9.0_Bin_0,p2,7.0:7.0,1:1,1,3.0,8.0,5.454545454545454,1.6160353486028343,x,9.0:9.0,1:1,1,9.0,12.0,10.363636363636363,0.9791208740244552,,NA:NA,NA:NA,NA,NA,NA,NA,NA,1.32,PSG,4.0,6.0,1.0,0.0,,,0.6,2.2,1.0,0.5248,0.6,0.3333,0.2667,0.6364,0.5659
15,16d2
< y2,0,5,9,6.818181818181818,1.9917183909278766,x_10.0_10.0_Bin_0__p2_3.0_3.0_Bin_0,x,10.0:10.0,1:1,1,9.0,12.0,10.363636363636363,0.9791208740244552,p2,3.0:3.0,1:1,1,3,8,5.454545454545454,1.6160353486028343,,NA:NA,NA:NA,NA,NA,NA,NA,NA,1.32,PSG,4.0,6.0,1.0,0.0,,,0.6,2.2,1.0,0.5248,0.6,0.3333,0.2667,0.6364,0.5659
< y1,0,5,9,6.818181818181818,1.9917183909278766,x_10.0_10.0_Bin_0__p2_7.0_7.0_Bin_0,x,10.0:10.0,1:1,1,9.0,12.0,10.363636363636363,0.9791208740244552,p2,7.0:7.0,1:1,1,3,8,5.454545454545454,1.6160353486028343,,NA:NA,NA:NA,NA,NA,NA,NA,NA,1.32,PSG,4.0,6.0,1.0,0.0,,,0.6,2.2,1.0,0.5248,0.6,0.3333,0.2667,0.6364,0.5659
17a4,7
> y1,0,5,9,6.818181818181818,1.9917183909278766,x_10.0_10.0_Bin_0__p2_7.0_7.0_Bin_0,x,10.0:10.0,1:1,1,9.0,12.0,10.363636363636363,0.9791208740244552,p2,7.0:7.0,1:1,1,3,8,5.454545454545454,1.6160353486028343,,NA:NA,NA:NA,NA,NA,NA,NA,NA,1.32,PSG,4.0,6.0,1.0,0.0,,,0.6,2.2,1.0,0.5248,0.6,0.3333,0.2667,0.6364,0.5659
> y1,0,5,9,6.818181818181818,1.9917183909278766,p2_4.0_4.0_Bin_0__x_12.0_12.0_Bin_0,p2,4.0:4.0,1:1,1,3.0,8.0,5.454545454545454,1.6160353486028343,x,12.0:12.0,1:1,1,9.0,12.0,10.363636363636363,0.9791208740244552,,NA:NA,NA:NA,NA,NA,NA,NA,NA,1.32,PSG,4.0,6.0,1.0,0.0,,,0.6,2.2,1.0,0.5248,0.6,0.3333,0.2667,0.6364,0.5659
> y1,0,5,9,6.818181818181818,1.9917183909278766,p2_4.0_4.0_Bin_0__x_11.0_11.0_Bin_0,p2,4.0:4.0,1:1,1,3.0,8.0,5.454545454545454,1.6160353486028343,x,11.0:11.0,1:1,1,9.0,12.0,10.363636363636363,0.9791208740244552,,NA:NA,NA:NA,NA,NA,NA,NA,NA,1.32,PSG,4.0,6.0,1.0,0.0,,,0.6,2.2,1.0,0.5248,0.6,0.3333,0.2667,0.6364,0.5659
> y1,0,5,9,6.818181818181818,1.9917183909278766,p1_4.0_4.0_Bin_0,p1,4.0:4.0,1:1,1,2.0,4.0,2.727272727272727,0.7496555682941201,,NA:NA,NA:NA,NA,NA,NA,NA,NA,NA,,NA:NA,NA:NA,NA,NA,NA,NA,1.32,PSG,3.0,6.0,2.0,0.0,,,0.7,2.2,1.0,0.5496,0.7,0.5714,0.4762,0.7273,0.6749
19c9,12
< y2,0,5,9,6.818181818181818,1.9917183909278766,x_11.0_11.0_Bin_0__p1_4.0_4.0_Bin_0,x,11.0:11.0,1:1,1,9.0,12.0,10.363636363636363,0.9791208740244552,p1,4.0:4.0,1:1,1,2.0,4.0,2.727272727272727,0.7496555682941201,,NA:NA,NA:NA,NA,NA,NA,NA,NA,1.32,PSG,4.0,6.0,1.0,0.0,,,0.6,2.2,1.0,0.5248,0.6,0.3333,0.2667,0.6364,0.5659
---
> y1,0,5,9,6.818181818181818,1.9917183909278766,p2_4.0_4.0_Bin_0__p1_4.0_4.0_Bin_0,p2,4.0:4.0,1:1,1,3.0,8.0,5.454545454545454,1.6160353486028343,p1,4.0:4.0,1:1,1,2.0,4.0,2.727272727272727,0.7496555682941201,,NA:NA,NA:NA,NA,NA,NA,NA,NA,1.32,PSG,4.0,6.0,1.0,0.0,,,0.6,2.2,1.0,0.5248,0.6,0.3333,0.2667,0.6364,0.5659
> y1,0,5,9,6.818181818181818,1.9917183909278766,p1_2.0_2.0_Bin_0__p2_8.0_8.0_Bin_0,p1,2.0:2.0,1:1,1,2.0,4.0,2.727272727272727,0.7496555682941201,p2,8.0:8.0,1:1,1,3,8,5.454545454545454,1.6160353486028343,,NA:NA,NA:NA,NA,NA,NA,NA,NA,1.32,PSG,4.0,6.0,1.0,0.0,,,0.6,2.2,1.0,0.5248,0.6,0.3333,0.2667,0.6364,0.5659
> y1,0,5,9,6.818181818181818,1.9917183909278766,p1_2.0_2.0_Bin_0__p2_4.0_4.0_Bin_0,p1,2.0:2.0,1:1,1,2.0,4.0,2.727272727272727,0.7496555682941201,p2,4.0:4.0,1:1,1,3,8,5.454545454545454,1.6160353486028343,,NA:NA,NA:NA,NA,NA,NA,NA,NA,1.32,PSG,4.0,6.0,1.0,0.0,,,0.6,2.2,1.0,0.5248,0.6,0.3333,0.2667,0.6364,0.5659
> y2,0,5,9,6.818181818181818,1.9917183909278766,p2_7.0_7.0_Bin_0__x_9.0_9.0_Bin_0,p2,7.0:7.0,1:1,1,3.0,8.0,5.454545454545454,1.6160353486028343,x,9.0:9.0,1:1,1,9.0,12.0,10.363636363636363,0.9791208740244552,,NA:NA,NA:NA,NA,NA,NA,NA,NA,1.32,PSG,4.0,6.0,1.0,0.0,,,0.6,2.2,1.0,0.5248,0.6,0.3333,0.2667,0.6364,0.5659
20a14,16
> y2,0,5,9,6.818181818181818,1.9917183909278766,p2_3.0_3.0_Bin_0,p2,3.0:3.0,1:1,1,3.0,8.0,5.454545454545454,1.6160353486028343,,NA:NA,NA:NA,NA,NA,NA,NA,NA,NA,,NA:NA,NA:NA,NA,NA,NA,NA,1.32,PSG,4.0,6.0,1.0,0.0,,,0.6,2.2,1.0,0.5248,0.6,0.3333,0.2667,0.6364,0.5659
> y2,0,5,9,6.818181818181818,1.9917183909278766,x_10.0_10.0_Bin_0__p2_3.0_3.0_Bin_0,x,10.0:10.0,1:1,1,9.0,12.0,10.363636363636363,0.9791208740244552,p2,3.0:3.0,1:1,1,3,8,5.454545454545454,1.6160353486028343,,NA:NA,NA:NA,NA,NA,NA,NA,NA,1.32,PSG,4.0,6.0,1.0,0.0,,,0.6,2.2,1.0,0.5248,0.6,0.3333,0.2667,0.6364,0.5659
> y2,0,5,9,6.818181818181818,1.9917183909278766,p1_4.0_4.0_Bin_0,p1,4.0:4.0,1:1,1,2.0,4.0,2.727272727272727,0.7496555682941201,,NA:NA,NA:NA,NA,NA,NA,NA,NA,NA,,NA:NA,NA:NA,NA,NA,NA,NA,1.32,PSG,3.0,6.0,2.0,0.0,,,0.7,2.2,1.0,0.5496,0.7,0.5714,0.4762,0.7273,0.6749
21a18,21
> y2,0,5,9,6.818181818181818,1.9917183909278766,x_11.0_11.0_Bin_0__p1_4.0_4.0_Bin_0,x,11.0:11.0,1:1,1,9.0,12.0,10.363636363636363,0.9791208740244552,p1,4.0:4.0,1:1,1,2.0,4.0,2.727272727272727,0.7496555682941201,,NA:NA,NA:NA,NA,NA,NA,NA,NA,1.32,PSG,4.0,6.0,1.0,0.0,,,0.6,2.2,1.0,0.5248,0.6,0.3333,0.2667,0.6364,0.5659
> y2,0,5,9,6.818181818181818,1.9917183909278766,p2_7.0_7.0_Bin_0__p1_4.0_4.0_Bin_0,p2,7.0:7.0,1:1,1,3.0,8.0,5.454545454545454,1.6160353486028343,p1,4.0:4.0,1:1,1,2.0,4.0,2.727272727272727,0.7496555682941201,,NA:NA,NA:NA,NA,NA,NA,NA,NA,1.32,PSG,4.0,6.0,1.0,0.0,,,0.6,2.2,1.0,0.5248,0.6,0.3333,0.2667,0.6364,0.5659
> y2,0,5,9,6.818181818181818,1.9917183909278766,p1_2.0_2.0_Bin_0__p2_4.0_4.0_Bin_0,p1,2.0:2.0,1:1,1,2.0,4.0,2.727272727272727,0.7496555682941201,p2,4.0:4.0,1:1,1,3,8,5.454545454545454,1.6160353486028343,,NA:NA,NA:NA,NA,NA,NA,NA,NA,1.32,PSG,4.0,6.0,1.0,0.0,,,0.6,2.2,1.0,0.5248,0.6,0.3333,0.2667,0.6364,0.5659
> y2,0,5,9,6.818181818181818,1.9917183909278766,p1_2.0_2.0_Bin_0__p2_3.0_3.0_Bin_0,p1,2.0:2.0,1:1,1,2.0,4.0,2.727272727272727,0.7496555682941201,p2,3.0:3.0,1:1,1,3,8,5.454545454545454,1.6160353486028343,,NA:NA,NA:NA,NA,NA,NA,NA,NA,1.32,PSG,4.0,6.0,1.0,0.0,,,0.6,2.2,1.0,0.5248,0.6,0.3333,0.2667,0.6364,0.5659
=================== End of Test30_smlp_toy_num_resp_mult_features_ranking.csv diff report ================================
=================== Diff report for: Test30_smlp_toy_num_resp_mult_ranking_resp_feat.csv ==================================
1,12c1,12
< p1,p2,x,y1,y2
< 2.0,3,10.0,5,9
< 2.0,4,12.0,9,9
< 3.0,4,10.0,5,9
< 2.0,6,11.0,5,5
< 2.0,8,10.0,9,5
< 4.0,7,9.0,9,9
< 3.0,6,9.0,5,5
< 3.0,4,10.0,5,5
< 4.0,4,11.0,9,9
< 2.0,7,12.0,5,5
< 3.0,7,10.0,9,5
---
> p2,x,p1,y1,y2
> 3,10.0,2.0,5,9
> 4,12.0,2.0,9,9
> 4,10.0,3.0,5,9
> 6,11.0,2.0,5,5
> 8,10.0,2.0,9,5
> 7,9.0,4.0,9,9
> 6,9.0,3.0,5,5
> 4,10.0,3.0,5,5
> 4,11.0,4.0,9,9
> 7,12.0,2.0,5,5
> 7,10.0,3.0,9,5
=================== End of Test30_smlp_toy_num_resp_mult_ranking_resp_feat.csv diff report ================================
=================== Diff report for: Test31_smlp_toy_num_resp_mult.txt ==================================
95,96d94
< smlp_logger - WARNING - Range plots are not supported in this version of SMLP
< 
=================== End of Test31_smlp_toy_num_resp_mult.txt diff report ================================
=================== Diff report for: Test31_smlp_toy_num_resp_mult_args_config.json ==================================
72a73,75
>     "model_caret_cross_validation": true,
>     "model_caret_return_train_score": false,
>     "model_caret_verbose": true,
145a149,152
>     "setup_caret_data_split_shuffle": true,
>     "setup_caret_fold": 0,
>     "setup_caret_session_id": null,
>     "setup_caret_verbose": true,
158a166,167
>     "tuner_caret_search_algorithm": "random",
>     "tuner_caret_tuner_verbose": true,
=================== End of Test31_smlp_toy_num_resp_mult_args_config.json diff report ================================
=================== Diff report for: Test31_smlp_toy_num_resp_mult_features_ranking.csv ==================================
2,7c2,5
< y1,0,0,1,0.5454545454545454,0.49792959773196915,p1_2.0_2.0_Bin_0__p2_3.0_3.0_Bin_0,p1,2.0:2.0,1:1,1,2.0,4.0,2.727272727272727,0.7496555682941201,p2,3.0:3.0,1:1,1,3,8,5.454545454545454,1.6160353486028343,,NA:NA,NA:NA,NA,NA,NA,NA,NA,1.8333333333333335,PSG,5.0,5.0,1.0,0.0,,,0.5834,1.8333,1.0,0.5207,0.5833,0.2858,0.2143,0.5455,0.5333,0,none,2~~3~~6~~7~~9,1~~4~~5~~8~~10
< y2,0,0,1,0.45454545454545453,0.49792959773196915,p1_2.0_2.0_Bin_0__p2_3.0_3.0_Bin_0,p1,2.0:2.0,1:1,1,2.0,4.0,2.727272727272727,0.7496555682941201,p2,3.0:3.0,1:1,1,3,8,5.454545454545454,1.6160353486028343,,NA:NA,NA:NA,NA,NA,NA,NA,NA,2.2,PSG,4.0,6.0,1.0,0.0,,,0.6,2.2,1.0,0.5248,0.6,0.3333,0.2667,0.6364,0.5659,0,none,1~~2~~5~~8,3~~4~~6~~7~~9~~10
< y2,0,0,1,0.45454545454545453,0.49792959773196915,p1_2.0_2.0_Bin_0__p2_4.0_4.0_Bin_0,p1,2.0:2.0,1:1,1,2.0,4.0,2.727272727272727,0.7496555682941201,p2,4.0:4.0,1:1,1,3,8,5.454545454545454,1.6160353486028343,,NA:NA,NA:NA,NA,NA,NA,NA,NA,2.2,PSG,4.0,6.0,1.0,0.0,,,0.6,2.2,1.0,0.5248,0.6,0.3333,0.2667,0.6364,0.5659,1,none,0~~2~~5~~8,3~~4~~6~~7~~9~~10
< y1,0,0,1,0.5454545454545454,0.49792959773196915,p1_2.0_2.0_Bin_0__p2_6.0_6.0_Bin_0,p1,2.0:2.0,1:1,1,2.0,4.0,2.727272727272727,0.7496555682941201,p2,6.0:6.0,1:1,1,3,8,5.454545454545454,1.6160353486028343,,NA:NA,NA:NA,NA,NA,NA,NA,NA,1.8333333333333335,PSG,5.0,5.0,1.0,0.0,,,0.5834,1.8333,1.0,0.5207,0.5833,0.2858,0.2143,0.5455,0.5333,3,none,0~~2~~6~~7~~9,1~~4~~5~~8~~10
< y1,0,0,1,0.5454545454545454,0.49792959773196915,p1_2.0_2.0_Bin_0__p2_7.0_7.0_Bin_0,p1,2.0:2.0,1:1,1,2.0,4.0,2.727272727272727,0.7496555682941201,p2,7.0:7.0,1:1,1,3,8,5.454545454545454,1.6160353486028343,,NA:NA,NA:NA,NA,NA,NA,NA,NA,1.8333333333333335,PSG,5.0,5.0,1.0,0.0,,,0.5834,1.8333,1.0,0.5207,0.5833,0.2858,0.2143,0.5455,0.5333,9,none,0~~2~~3~~6~~7,1~~4~~5~~8~~10
< y2,0,0,1,0.45454545454545453,0.49792959773196915,p1_4.0_4.0_Bin_0,p1,4.0:4.0,1:1,1,2.0,4.0,2.727272727272727,0.7496555682941201,,NA:NA,NA:NA,NA,NA,NA,NA,NA,NA,,NA:NA,NA:NA,NA,NA,NA,NA,2.2,PSG,3.0,6.0,2.0,0.0,,,0.7,2.2,1.0,0.5496,0.7,0.5714,0.4762,0.7273,0.6749,5~~8,none,0~~1~~2,3~~4~~6~~7~~9~~10
---
> y1,0,0,1,0.5454545454545454,0.49792959773196915,x_12.0_12.0_Bin_0__p2_7.0_7.0_Bin_0,x,12.0:12.0,1:1,1,9.0,12.0,10.363636363636363,0.9791208740244552,p2,7.0:7.0,1:1,1,3,8,5.454545454545454,1.6160353486028343,,NA:NA,NA:NA,NA,NA,NA,NA,NA,1.8333333333333335,PSG,5.0,5.0,1.0,0.0,,,0.5834,1.8333,1.0,0.5207,0.5833,0.2858,0.2143,0.5455,0.5333,9,none,0~~2~~3~~6~~7,1~~4~~5~~8~~10
> y1,0,0,1,0.5454545454545454,0.49792959773196915,p2_6.0_6.0_Bin_0,p2,6.0:6.0,1:1,1,3.0,8.0,5.454545454545454,1.6160353486028343,,NA:NA,NA:NA,NA,NA,NA,NA,NA,NA,,NA:NA,NA:NA,NA,NA,NA,NA,1.8333333333333335,PSG,4.0,5.0,2.0,0.0,,,0.6666,1.8333,1.0,0.5413,0.6667,0.5,0.3889,0.6364,0.6286,3~~6,none,0~~2~~7~~9,1~~4~~5~~8~~10
> y1,0,0,1,0.5454545454545454,0.49792959773196915,x_11.0_11.0_Bin_0__p2_6.0_6.0_Bin_0,x,11.0:11.0,1:1,1,9.0,12.0,10.363636363636363,0.9791208740244552,p2,6.0:6.0,1:1,1,3,8,5.454545454545454,1.6160353486028343,,NA:NA,NA:NA,NA,NA,NA,NA,NA,1.8333333333333335,PSG,5.0,5.0,1.0,0.0,,,0.5834,1.8333,1.0,0.5207,0.5833,0.2858,0.2143,0.5455,0.5333,3,none,0~~2~~6~~7~~9,1~~4~~5~~8~~10
> y1,0,0,1,0.5454545454545454,0.49792959773196915,p2_4.0_4.0_Bin_0__x_10.0_10.0_Bin_0,p2,4.0:4.0,1:1,1,3.0,8.0,5.454545454545454,1.6160353486028343,x,10.0:10.0,1:1,1,9.0,12.0,10.363636363636363,0.9791208740244552,,NA:NA,NA:NA,NA,NA,NA,NA,NA,1.8333333333333335,PSG,4.0,5.0,2.0,0.0,,,0.6666,1.8333,1.0,0.5413,0.6667,0.5,0.3889,0.6364,0.6286,2~~7,none,0~~3~~6~~9,1~~4~~5~~8~~10
9d6
< y2,0,0,1,0.45454545454545453,0.49792959773196915,p2_3.0_3.0_Bin_0,p2,3.0:3.0,1:1,1,3.0,8.0,5.454545454545454,1.6160353486028343,,NA:NA,NA:NA,NA,NA,NA,NA,NA,NA,,NA:NA,NA:NA,NA,NA,NA,NA,2.2,PSG,4.0,6.0,1.0,0.0,,,0.6,2.2,1.0,0.5248,0.6,0.3333,0.2667,0.6364,0.5659,0,none,1~~2~~5~~8,3~~4~~6~~7~~9~~10
11,15d7
< y1,0,0,1,0.5454545454545454,0.49792959773196915,p2_4.0_4.0_Bin_0__x_10.0_10.0_Bin_0,p2,4.0:4.0,1:1,1,3.0,8.0,5.454545454545454,1.6160353486028343,x,10.0:10.0,1:1,1,9.0,12.0,10.363636363636363,0.9791208740244552,,NA:NA,NA:NA,NA,NA,NA,NA,NA,1.8333333333333335,PSG,4.0,5.0,2.0,0.0,,,0.6666,1.8333,1.0,0.5413,0.6667,0.5,0.3889,0.6364,0.6286,2~~7,none,0~~3~~6~~9,1~~4~~5~~8~~10
< y1,0,0,1,0.5454545454545454,0.49792959773196915,p2_6.0_6.0_Bin_0,p2,6.0:6.0,1:1,1,3.0,8.0,5.454545454545454,1.6160353486028343,,NA:NA,NA:NA,NA,NA,NA,NA,NA,NA,,NA:NA,NA:NA,NA,NA,NA,NA,1.8333333333333335,PSG,4.0,5.0,2.0,0.0,,,0.6666,1.8333,1.0,0.5413,0.6667,0.5,0.3889,0.6364,0.6286,3~~6,none,0~~2~~7~~9,1~~4~~5~~8~~10
< y2,0,0,1,0.45454545454545453,0.49792959773196915,p2_7.0_7.0_Bin_0__p1_4.0_4.0_Bin_0,p2,7.0:7.0,1:1,1,3.0,8.0,5.454545454545454,1.6160353486028343,p1,4.0:4.0,1:1,1,2.0,4.0,2.727272727272727,0.7496555682941201,,NA:NA,NA:NA,NA,NA,NA,NA,NA,2.2,PSG,4.0,6.0,1.0,0.0,,,0.6,2.2,1.0,0.5248,0.6,0.3333,0.2667,0.6364,0.5659,5,none,0~~1~~2~~8,3~~4~~6~~7~~9~~10
< y2,0,0,1,0.45454545454545453,0.49792959773196915,p2_7.0_7.0_Bin_0__x_9.0_9.0_Bin_0,p2,7.0:7.0,1:1,1,3.0,8.0,5.454545454545454,1.6160353486028343,x,9.0:9.0,1:1,1,9.0,12.0,10.363636363636363,0.9791208740244552,,NA:NA,NA:NA,NA,NA,NA,NA,NA,2.2,PSG,4.0,6.0,1.0,0.0,,,0.6,2.2,1.0,0.5248,0.6,0.3333,0.2667,0.6364,0.5659,5,none,0~~1~~2~~8,3~~4~~6~~7~~9~~10
< y2,0,0,1,0.45454545454545453,0.49792959773196915,x_10.0_10.0_Bin_0__p2_3.0_3.0_Bin_0,x,10.0:10.0,1:1,1,9.0,12.0,10.363636363636363,0.9791208740244552,p2,3.0:3.0,1:1,1,3,8,5.454545454545454,1.6160353486028343,,NA:NA,NA:NA,NA,NA,NA,NA,NA,2.2,PSG,4.0,6.0,1.0,0.0,,,0.6,2.2,1.0,0.5248,0.6,0.3333,0.2667,0.6364,0.5659,0,none,1~~2~~5~~8,3~~4~~6~~7~~9~~10
17c9,12
< y2,0,0,1,0.45454545454545453,0.49792959773196915,x_11.0_11.0_Bin_0__p1_4.0_4.0_Bin_0,x,11.0:11.0,1:1,1,9.0,12.0,10.363636363636363,0.9791208740244552,p1,4.0:4.0,1:1,1,2.0,4.0,2.727272727272727,0.7496555682941201,,NA:NA,NA:NA,NA,NA,NA,NA,NA,2.2,PSG,4.0,6.0,1.0,0.0,,,0.6,2.2,1.0,0.5248,0.6,0.3333,0.2667,0.6364,0.5659,8,none,0~~1~~2~~5,3~~4~~6~~7~~9~~10
---
> y1,0,0,1,0.5454545454545454,0.49792959773196915,p1_2.0_2.0_Bin_0__p2_7.0_7.0_Bin_0,p1,2.0:2.0,1:1,1,2.0,4.0,2.727272727272727,0.7496555682941201,p2,7.0:7.0,1:1,1,3,8,5.454545454545454,1.6160353486028343,,NA:NA,NA:NA,NA,NA,NA,NA,NA,1.8333333333333335,PSG,5.0,5.0,1.0,0.0,,,0.5834,1.8333,1.0,0.5207,0.5833,0.2858,0.2143,0.5455,0.5333,9,none,0~~2~~3~~6~~7,1~~4~~5~~8~~10
> y1,0,0,1,0.5454545454545454,0.49792959773196915,p1_2.0_2.0_Bin_0__p2_6.0_6.0_Bin_0,p1,2.0:2.0,1:1,1,2.0,4.0,2.727272727272727,0.7496555682941201,p2,6.0:6.0,1:1,1,3,8,5.454545454545454,1.6160353486028343,,NA:NA,NA:NA,NA,NA,NA,NA,NA,1.8333333333333335,PSG,5.0,5.0,1.0,0.0,,,0.5834,1.8333,1.0,0.5207,0.5833,0.2858,0.2143,0.5455,0.5333,3,none,0~~2~~6~~7~~9,1~~4~~5~~8~~10
> y1,0,0,1,0.5454545454545454,0.49792959773196915,p1_2.0_2.0_Bin_0__p2_3.0_3.0_Bin_0,p1,2.0:2.0,1:1,1,2.0,4.0,2.727272727272727,0.7496555682941201,p2,3.0:3.0,1:1,1,3,8,5.454545454545454,1.6160353486028343,,NA:NA,NA:NA,NA,NA,NA,NA,NA,1.8333333333333335,PSG,5.0,5.0,1.0,0.0,,,0.5834,1.8333,1.0,0.5207,0.5833,0.2858,0.2143,0.5455,0.5333,0,none,2~~3~~6~~7~~9,1~~4~~5~~8~~10
> y2,0,0,1,0.45454545454545453,0.49792959773196915,p2_7.0_7.0_Bin_0__x_9.0_9.0_Bin_0,p2,7.0:7.0,1:1,1,3.0,8.0,5.454545454545454,1.6160353486028343,x,9.0:9.0,1:1,1,9.0,12.0,10.363636363636363,0.9791208740244552,,NA:NA,NA:NA,NA,NA,NA,NA,NA,2.2,PSG,4.0,6.0,1.0,0.0,,,0.6,2.2,1.0,0.5248,0.6,0.3333,0.2667,0.6364,0.5659,5,none,0~~1~~2~~8,3~~4~~6~~7~~9~~10
19,20c14,16
< y1,0,0,1,0.5454545454545454,0.49792959773196915,x_11.0_11.0_Bin_0__p2_6.0_6.0_Bin_0,x,11.0:11.0,1:1,1,9.0,12.0,10.363636363636363,0.9791208740244552,p2,6.0:6.0,1:1,1,3,8,5.454545454545454,1.6160353486028343,,NA:NA,NA:NA,NA,NA,NA,NA,NA,1.8333333333333335,PSG,5.0,5.0,1.0,0.0,,,0.5834,1.8333,1.0,0.5207,0.5833,0.2858,0.2143,0.5455,0.5333,3,none,0~~2~~6~~7~~9,1~~4~~5~~8~~10
< y1,0,0,1,0.5454545454545454,0.49792959773196915,x_12.0_12.0_Bin_0__p2_7.0_7.0_Bin_0,x,12.0:12.0,1:1,1,9.0,12.0,10.363636363636363,0.9791208740244552,p2,7.0:7.0,1:1,1,3,8,5.454545454545454,1.6160353486028343,,NA:NA,NA:NA,NA,NA,NA,NA,NA,1.8333333333333335,PSG,5.0,5.0,1.0,0.0,,,0.5834,1.8333,1.0,0.5207,0.5833,0.2858,0.2143,0.5455,0.5333,9,none,0~~2~~3~~6~~7,1~~4~~5~~8~~10
---
> y2,0,0,1,0.45454545454545453,0.49792959773196915,p2_3.0_3.0_Bin_0,p2,3.0:3.0,1:1,1,3.0,8.0,5.454545454545454,1.6160353486028343,,NA:NA,NA:NA,NA,NA,NA,NA,NA,NA,,NA:NA,NA:NA,NA,NA,NA,NA,2.2,PSG,4.0,6.0,1.0,0.0,,,0.6,2.2,1.0,0.5248,0.6,0.3333,0.2667,0.6364,0.5659,0,none,1~~2~~5~~8,3~~4~~6~~7~~9~~10
> y2,0,0,1,0.45454545454545453,0.49792959773196915,x_10.0_10.0_Bin_0__p2_3.0_3.0_Bin_0,x,10.0:10.0,1:1,1,9.0,12.0,10.363636363636363,0.9791208740244552,p2,3.0:3.0,1:1,1,3,8,5.454545454545454,1.6160353486028343,,NA:NA,NA:NA,NA,NA,NA,NA,NA,2.2,PSG,4.0,6.0,1.0,0.0,,,0.6,2.2,1.0,0.5248,0.6,0.3333,0.2667,0.6364,0.5659,0,none,1~~2~~5~~8,3~~4~~6~~7~~9~~10
> y2,0,0,1,0.45454545454545453,0.49792959773196915,p1_4.0_4.0_Bin_0,p1,4.0:4.0,1:1,1,2.0,4.0,2.727272727272727,0.7496555682941201,,NA:NA,NA:NA,NA,NA,NA,NA,NA,NA,,NA:NA,NA:NA,NA,NA,NA,NA,2.2,PSG,3.0,6.0,2.0,0.0,,,0.7,2.2,1.0,0.5496,0.7,0.5714,0.4762,0.7273,0.6749,5~~8,none,0~~1~~2,3~~4~~6~~7~~9~~10
21a18,21
> y2,0,0,1,0.45454545454545453,0.49792959773196915,x_11.0_11.0_Bin_0__p1_4.0_4.0_Bin_0,x,11.0:11.0,1:1,1,9.0,12.0,10.363636363636363,0.9791208740244552,p1,4.0:4.0,1:1,1,2.0,4.0,2.727272727272727,0.7496555682941201,,NA:NA,NA:NA,NA,NA,NA,NA,NA,2.2,PSG,4.0,6.0,1.0,0.0,,,0.6,2.2,1.0,0.5248,0.6,0.3333,0.2667,0.6364,0.5659,8,none,0~~1~~2~~5,3~~4~~6~~7~~9~~10
> y2,0,0,1,0.45454545454545453,0.49792959773196915,p2_7.0_7.0_Bin_0__p1_4.0_4.0_Bin_0,p2,7.0:7.0,1:1,1,3.0,8.0,5.454545454545454,1.6160353486028343,p1,4.0:4.0,1:1,1,2.0,4.0,2.727272727272727,0.7496555682941201,,NA:NA,NA:NA,NA,NA,NA,NA,NA,2.2,PSG,4.0,6.0,1.0,0.0,,,0.6,2.2,1.0,0.5248,0.6,0.3333,0.2667,0.6364,0.5659,5,none,0~~1~~2~~8,3~~4~~6~~7~~9~~10
> y2,0,0,1,0.45454545454545453,0.49792959773196915,p1_2.0_2.0_Bin_0__p2_4.0_4.0_Bin_0,p1,2.0:2.0,1:1,1,2.0,4.0,2.727272727272727,0.7496555682941201,p2,4.0:4.0,1:1,1,3,8,5.454545454545454,1.6160353486028343,,NA:NA,NA:NA,NA,NA,NA,NA,NA,2.2,PSG,4.0,6.0,1.0,0.0,,,0.6,2.2,1.0,0.5248,0.6,0.3333,0.2667,0.6364,0.5659,1,none,0~~2~~5~~8,3~~4~~6~~7~~9~~10
> y2,0,0,1,0.45454545454545453,0.49792959773196915,p1_2.0_2.0_Bin_0__p2_3.0_3.0_Bin_0,p1,2.0:2.0,1:1,1,2.0,4.0,2.727272727272727,0.7496555682941201,p2,3.0:3.0,1:1,1,3,8,5.454545454545454,1.6160353486028343,,NA:NA,NA:NA,NA,NA,NA,NA,NA,2.2,PSG,4.0,6.0,1.0,0.0,,,0.6,2.2,1.0,0.5248,0.6,0.3333,0.2667,0.6364,0.5659,0,none,1~~2~~5~~8,3~~4~~6~~7~~9~~10
=================== End of Test31_smlp_toy_num_resp_mult_features_ranking.csv diff report ================================
=================== Diff report for: Test31_smlp_toy_num_resp_mult_ranking_resp_feat.csv ==================================
1,12c1,12
< p1,p2,x,y1,y2
< 2.0,3,10.0,1,1
< 2.0,4,12.0,0,1
< 3.0,4,10.0,1,1
< 2.0,6,11.0,1,0
< 2.0,8,10.0,0,0
< 4.0,7,9.0,0,1
< 3.0,6,9.0,1,0
< 3.0,4,10.0,1,0
< 4.0,4,11.0,0,1
< 2.0,7,12.0,1,0
< 3.0,7,10.0,0,0
---
> x,p2,p1,y1,y2
> 10.0,3,2.0,1,1
> 12.0,4,2.0,0,1
> 10.0,4,3.0,1,1
> 11.0,6,2.0,1,0
> 10.0,8,2.0,0,0
> 9.0,7,4.0,0,1
> 9.0,6,3.0,1,0
> 10.0,4,3.0,1,0
> 11.0,4,4.0,0,1
> 12.0,7,2.0,1,0
> 10.0,7,3.0,0,0
=================== End of Test31_smlp_toy_num_resp_mult_ranking_resp_feat.csv diff report ================================
=================== Diff report for: Test33_smlp_toy_num_resp_mult.txt ==================================
95,96d94
< smlp_logger - WARNING - Range plots are not supported in this version of SMLP
< 
=================== End of Test33_smlp_toy_num_resp_mult.txt diff report ================================
=================== Diff report for: Test33_smlp_toy_num_resp_mult_features_ranking.csv ==================================
2,7c2,5
< y1,0,0,1,0.5454545454545454,0.49792959773196915,p1_2.0_2.0_Bin_0__p2_3.0_3.0_Bin_0,p1,2.0:2.0,1:1,1,2.0,4.0,2.727272727272727,0.7496555682941201,p2,3.0:3.0,1:1,1,3,8,5.454545454545454,1.6160353486028343,,NA:NA,NA:NA,NA,NA,NA,NA,NA,1.8333333333333335,PSG,5.0,5.0,1.0,0.0,,,0.5834,1.8333,1.0,0.5207,0.5833,0.2858,0.2143,0.5455,0.5333,0,none,2~~3~~6~~7~~9,1~~4~~5~~8~~10
< y2,0,0,1,0.45454545454545453,0.49792959773196915,p1_2.0_2.0_Bin_0__p2_3.0_3.0_Bin_0,p1,2.0:2.0,1:1,1,2.0,4.0,2.727272727272727,0.7496555682941201,p2,3.0:3.0,1:1,1,3,8,5.454545454545454,1.6160353486028343,,NA:NA,NA:NA,NA,NA,NA,NA,NA,2.2,PSG,4.0,6.0,1.0,0.0,,,0.6,2.2,1.0,0.5248,0.6,0.3333,0.2667,0.6364,0.5659,0,none,1~~2~~5~~8,3~~4~~6~~7~~9~~10
< y2,0,0,1,0.45454545454545453,0.49792959773196915,p1_2.0_2.0_Bin_0__p2_4.0_4.0_Bin_0,p1,2.0:2.0,1:1,1,2.0,4.0,2.727272727272727,0.7496555682941201,p2,4.0:4.0,1:1,1,3,8,5.454545454545454,1.6160353486028343,,NA:NA,NA:NA,NA,NA,NA,NA,NA,2.2,PSG,4.0,6.0,1.0,0.0,,,0.6,2.2,1.0,0.5248,0.6,0.3333,0.2667,0.6364,0.5659,1,none,0~~2~~5~~8,3~~4~~6~~7~~9~~10
< y1,0,0,1,0.5454545454545454,0.49792959773196915,p1_2.0_2.0_Bin_0__p2_6.0_6.0_Bin_0,p1,2.0:2.0,1:1,1,2.0,4.0,2.727272727272727,0.7496555682941201,p2,6.0:6.0,1:1,1,3,8,5.454545454545454,1.6160353486028343,,NA:NA,NA:NA,NA,NA,NA,NA,NA,1.8333333333333335,PSG,5.0,5.0,1.0,0.0,,,0.5834,1.8333,1.0,0.5207,0.5833,0.2858,0.2143,0.5455,0.5333,3,none,0~~2~~6~~7~~9,1~~4~~5~~8~~10
< y1,0,0,1,0.5454545454545454,0.49792959773196915,p1_2.0_2.0_Bin_0__p2_7.0_7.0_Bin_0,p1,2.0:2.0,1:1,1,2.0,4.0,2.727272727272727,0.7496555682941201,p2,7.0:7.0,1:1,1,3,8,5.454545454545454,1.6160353486028343,,NA:NA,NA:NA,NA,NA,NA,NA,NA,1.8333333333333335,PSG,5.0,5.0,1.0,0.0,,,0.5834,1.8333,1.0,0.5207,0.5833,0.2858,0.2143,0.5455,0.5333,9,none,0~~2~~3~~6~~7,1~~4~~5~~8~~10
< y2,0,0,1,0.45454545454545453,0.49792959773196915,p1_4.0_4.0_Bin_0,p1,4.0:4.0,1:1,1,2.0,4.0,2.727272727272727,0.7496555682941201,,NA:NA,NA:NA,NA,NA,NA,NA,NA,NA,,NA:NA,NA:NA,NA,NA,NA,NA,2.2,PSG,3.0,6.0,2.0,0.0,,,0.7,2.2,1.0,0.5496,0.7,0.5714,0.4762,0.7273,0.6749,5~~8,none,0~~1~~2,3~~4~~6~~7~~9~~10
---
> y1,0,0,1,0.5454545454545454,0.49792959773196915,x_12.0_12.0_Bin_0__p2_7.0_7.0_Bin_0,x,12.0:12.0,1:1,1,9.0,12.0,10.363636363636363,0.9791208740244552,p2,7.0:7.0,1:1,1,3,8,5.454545454545454,1.6160353486028343,,NA:NA,NA:NA,NA,NA,NA,NA,NA,1.8333333333333335,PSG,5.0,5.0,1.0,0.0,,,0.5834,1.8333,1.0,0.5207,0.5833,0.2858,0.2143,0.5455,0.5333,9,none,0~~2~~3~~6~~7,1~~4~~5~~8~~10
> y1,0,0,1,0.5454545454545454,0.49792959773196915,p2_6.0_6.0_Bin_0,p2,6.0:6.0,1:1,1,3.0,8.0,5.454545454545454,1.6160353486028343,,NA:NA,NA:NA,NA,NA,NA,NA,NA,NA,,NA:NA,NA:NA,NA,NA,NA,NA,1.8333333333333335,PSG,4.0,5.0,2.0,0.0,,,0.6666,1.8333,1.0,0.5413,0.6667,0.5,0.3889,0.6364,0.6286,3~~6,none,0~~2~~7~~9,1~~4~~5~~8~~10
> y1,0,0,1,0.5454545454545454,0.49792959773196915,x_11.0_11.0_Bin_0__p2_6.0_6.0_Bin_0,x,11.0:11.0,1:1,1,9.0,12.0,10.363636363636363,0.9791208740244552,p2,6.0:6.0,1:1,1,3,8,5.454545454545454,1.6160353486028343,,NA:NA,NA:NA,NA,NA,NA,NA,NA,1.8333333333333335,PSG,5.0,5.0,1.0,0.0,,,0.5834,1.8333,1.0,0.5207,0.5833,0.2858,0.2143,0.5455,0.5333,3,none,0~~2~~6~~7~~9,1~~4~~5~~8~~10
> y1,0,0,1,0.5454545454545454,0.49792959773196915,p2_4.0_4.0_Bin_0__x_10.0_10.0_Bin_0,p2,4.0:4.0,1:1,1,3.0,8.0,5.454545454545454,1.6160353486028343,x,10.0:10.0,1:1,1,9.0,12.0,10.363636363636363,0.9791208740244552,,NA:NA,NA:NA,NA,NA,NA,NA,NA,1.8333333333333335,PSG,4.0,5.0,2.0,0.0,,,0.6666,1.8333,1.0,0.5413,0.6667,0.5,0.3889,0.6364,0.6286,2~~7,none,0~~3~~6~~9,1~~4~~5~~8~~10
9d6
< y2,0,0,1,0.45454545454545453,0.49792959773196915,p2_3.0_3.0_Bin_0,p2,3.0:3.0,1:1,1,3.0,8.0,5.454545454545454,1.6160353486028343,,NA:NA,NA:NA,NA,NA,NA,NA,NA,NA,,NA:NA,NA:NA,NA,NA,NA,NA,2.2,PSG,4.0,6.0,1.0,0.0,,,0.6,2.2,1.0,0.5248,0.6,0.3333,0.2667,0.6364,0.5659,0,none,1~~2~~5~~8,3~~4~~6~~7~~9~~10
11,15d7
< y1,0,0,1,0.5454545454545454,0.49792959773196915,p2_4.0_4.0_Bin_0__x_10.0_10.0_Bin_0,p2,4.0:4.0,1:1,1,3.0,8.0,5.454545454545454,1.6160353486028343,x,10.0:10.0,1:1,1,9.0,12.0,10.363636363636363,0.9791208740244552,,NA:NA,NA:NA,NA,NA,NA,NA,NA,1.8333333333333335,PSG,4.0,5.0,2.0,0.0,,,0.6666,1.8333,1.0,0.5413,0.6667,0.5,0.3889,0.6364,0.6286,2~~7,none,0~~3~~6~~9,1~~4~~5~~8~~10
< y1,0,0,1,0.5454545454545454,0.49792959773196915,p2_6.0_6.0_Bin_0,p2,6.0:6.0,1:1,1,3.0,8.0,5.454545454545454,1.6160353486028343,,NA:NA,NA:NA,NA,NA,NA,NA,NA,NA,,NA:NA,NA:NA,NA,NA,NA,NA,1.8333333333333335,PSG,4.0,5.0,2.0,0.0,,,0.6666,1.8333,1.0,0.5413,0.6667,0.5,0.3889,0.6364,0.6286,3~~6,none,0~~2~~7~~9,1~~4~~5~~8~~10
< y2,0,0,1,0.45454545454545453,0.49792959773196915,p2_7.0_7.0_Bin_0__p1_4.0_4.0_Bin_0,p2,7.0:7.0,1:1,1,3.0,8.0,5.454545454545454,1.6160353486028343,p1,4.0:4.0,1:1,1,2.0,4.0,2.727272727272727,0.7496555682941201,,NA:NA,NA:NA,NA,NA,NA,NA,NA,2.2,PSG,4.0,6.0,1.0,0.0,,,0.6,2.2,1.0,0.5248,0.6,0.3333,0.2667,0.6364,0.5659,5,none,0~~1~~2~~8,3~~4~~6~~7~~9~~10
< y2,0,0,1,0.45454545454545453,0.49792959773196915,p2_7.0_7.0_Bin_0__x_9.0_9.0_Bin_0,p2,7.0:7.0,1:1,1,3.0,8.0,5.454545454545454,1.6160353486028343,x,9.0:9.0,1:1,1,9.0,12.0,10.363636363636363,0.9791208740244552,,NA:NA,NA:NA,NA,NA,NA,NA,NA,2.2,PSG,4.0,6.0,1.0,0.0,,,0.6,2.2,1.0,0.5248,0.6,0.3333,0.2667,0.6364,0.5659,5,none,0~~1~~2~~8,3~~4~~6~~7~~9~~10
< y2,0,0,1,0.45454545454545453,0.49792959773196915,x_10.0_10.0_Bin_0__p2_3.0_3.0_Bin_0,x,10.0:10.0,1:1,1,9.0,12.0,10.363636363636363,0.9791208740244552,p2,3.0:3.0,1:1,1,3,8,5.454545454545454,1.6160353486028343,,NA:NA,NA:NA,NA,NA,NA,NA,NA,2.2,PSG,4.0,6.0,1.0,0.0,,,0.6,2.2,1.0,0.5248,0.6,0.3333,0.2667,0.6364,0.5659,0,none,1~~2~~5~~8,3~~4~~6~~7~~9~~10
17c9,12
< y2,0,0,1,0.45454545454545453,0.49792959773196915,x_11.0_11.0_Bin_0__p1_4.0_4.0_Bin_0,x,11.0:11.0,1:1,1,9.0,12.0,10.363636363636363,0.9791208740244552,p1,4.0:4.0,1:1,1,2.0,4.0,2.727272727272727,0.7496555682941201,,NA:NA,NA:NA,NA,NA,NA,NA,NA,2.2,PSG,4.0,6.0,1.0,0.0,,,0.6,2.2,1.0,0.5248,0.6,0.3333,0.2667,0.6364,0.5659,8,none,0~~1~~2~~5,3~~4~~6~~7~~9~~10
---
> y1,0,0,1,0.5454545454545454,0.49792959773196915,p1_2.0_2.0_Bin_0__p2_7.0_7.0_Bin_0,p1,2.0:2.0,1:1,1,2.0,4.0,2.727272727272727,0.7496555682941201,p2,7.0:7.0,1:1,1,3,8,5.454545454545454,1.6160353486028343,,NA:NA,NA:NA,NA,NA,NA,NA,NA,1.8333333333333335,PSG,5.0,5.0,1.0,0.0,,,0.5834,1.8333,1.0,0.5207,0.5833,0.2858,0.2143,0.5455,0.5333,9,none,0~~2~~3~~6~~7,1~~4~~5~~8~~10
> y1,0,0,1,0.5454545454545454,0.49792959773196915,p1_2.0_2.0_Bin_0__p2_6.0_6.0_Bin_0,p1,2.0:2.0,1:1,1,2.0,4.0,2.727272727272727,0.7496555682941201,p2,6.0:6.0,1:1,1,3,8,5.454545454545454,1.6160353486028343,,NA:NA,NA:NA,NA,NA,NA,NA,NA,1.8333333333333335,PSG,5.0,5.0,1.0,0.0,,,0.5834,1.8333,1.0,0.5207,0.5833,0.2858,0.2143,0.5455,0.5333,3,none,0~~2~~6~~7~~9,1~~4~~5~~8~~10
> y1,0,0,1,0.5454545454545454,0.49792959773196915,p1_2.0_2.0_Bin_0__p2_3.0_3.0_Bin_0,p1,2.0:2.0,1:1,1,2.0,4.0,2.727272727272727,0.7496555682941201,p2,3.0:3.0,1:1,1,3,8,5.454545454545454,1.6160353486028343,,NA:NA,NA:NA,NA,NA,NA,NA,NA,1.8333333333333335,PSG,5.0,5.0,1.0,0.0,,,0.5834,1.8333,1.0,0.5207,0.5833,0.2858,0.2143,0.5455,0.5333,0,none,2~~3~~6~~7~~9,1~~4~~5~~8~~10
> y2,0,0,1,0.45454545454545453,0.49792959773196915,p2_7.0_7.0_Bin_0__x_9.0_9.0_Bin_0,p2,7.0:7.0,1:1,1,3.0,8.0,5.454545454545454,1.6160353486028343,x,9.0:9.0,1:1,1,9.0,12.0,10.363636363636363,0.9791208740244552,,NA:NA,NA:NA,NA,NA,NA,NA,NA,2.2,PSG,4.0,6.0,1.0,0.0,,,0.6,2.2,1.0,0.5248,0.6,0.3333,0.2667,0.6364,0.5659,5,none,0~~1~~2~~8,3~~4~~6~~7~~9~~10
19,20c14,16
< y1,0,0,1,0.5454545454545454,0.49792959773196915,x_11.0_11.0_Bin_0__p2_6.0_6.0_Bin_0,x,11.0:11.0,1:1,1,9.0,12.0,10.363636363636363,0.9791208740244552,p2,6.0:6.0,1:1,1,3,8,5.454545454545454,1.6160353486028343,,NA:NA,NA:NA,NA,NA,NA,NA,NA,1.8333333333333335,PSG,5.0,5.0,1.0,0.0,,,0.5834,1.8333,1.0,0.5207,0.5833,0.2858,0.2143,0.5455,0.5333,3,none,0~~2~~6~~7~~9,1~~4~~5~~8~~10
< y1,0,0,1,0.5454545454545454,0.49792959773196915,x_12.0_12.0_Bin_0__p2_7.0_7.0_Bin_0,x,12.0:12.0,1:1,1,9.0,12.0,10.363636363636363,0.9791208740244552,p2,7.0:7.0,1:1,1,3,8,5.454545454545454,1.6160353486028343,,NA:NA,NA:NA,NA,NA,NA,NA,NA,1.8333333333333335,PSG,5.0,5.0,1.0,0.0,,,0.5834,1.8333,1.0,0.5207,0.5833,0.2858,0.2143,0.5455,0.5333,9,none,0~~2~~3~~6~~7,1~~4~~5~~8~~10
---
> y2,0,0,1,0.45454545454545453,0.49792959773196915,p2_3.0_3.0_Bin_0,p2,3.0:3.0,1:1,1,3.0,8.0,5.454545454545454,1.6160353486028343,,NA:NA,NA:NA,NA,NA,NA,NA,NA,NA,,NA:NA,NA:NA,NA,NA,NA,NA,2.2,PSG,4.0,6.0,1.0,0.0,,,0.6,2.2,1.0,0.5248,0.6,0.3333,0.2667,0.6364,0.5659,0,none,1~~2~~5~~8,3~~4~~6~~7~~9~~10
> y2,0,0,1,0.45454545454545453,0.49792959773196915,x_10.0_10.0_Bin_0__p2_3.0_3.0_Bin_0,x,10.0:10.0,1:1,1,9.0,12.0,10.363636363636363,0.9791208740244552,p2,3.0:3.0,1:1,1,3,8,5.454545454545454,1.6160353486028343,,NA:NA,NA:NA,NA,NA,NA,NA,NA,2.2,PSG,4.0,6.0,1.0,0.0,,,0.6,2.2,1.0,0.5248,0.6,0.3333,0.2667,0.6364,0.5659,0,none,1~~2~~5~~8,3~~4~~6~~7~~9~~10
> y2,0,0,1,0.45454545454545453,0.49792959773196915,p1_4.0_4.0_Bin_0,p1,4.0:4.0,1:1,1,2.0,4.0,2.727272727272727,0.7496555682941201,,NA:NA,NA:NA,NA,NA,NA,NA,NA,NA,,NA:NA,NA:NA,NA,NA,NA,NA,2.2,PSG,3.0,6.0,2.0,0.0,,,0.7,2.2,1.0,0.5496,0.7,0.5714,0.4762,0.7273,0.6749,5~~8,none,0~~1~~2,3~~4~~6~~7~~9~~10
21a18,21
> y2,0,0,1,0.45454545454545453,0.49792959773196915,x_11.0_11.0_Bin_0__p1_4.0_4.0_Bin_0,x,11.0:11.0,1:1,1,9.0,12.0,10.363636363636363,0.9791208740244552,p1,4.0:4.0,1:1,1,2.0,4.0,2.727272727272727,0.7496555682941201,,NA:NA,NA:NA,NA,NA,NA,NA,NA,2.2,PSG,4.0,6.0,1.0,0.0,,,0.6,2.2,1.0,0.5248,0.6,0.3333,0.2667,0.6364,0.5659,8,none,0~~1~~2~~5,3~~4~~6~~7~~9~~10
> y2,0,0,1,0.45454545454545453,0.49792959773196915,p2_7.0_7.0_Bin_0__p1_4.0_4.0_Bin_0,p2,7.0:7.0,1:1,1,3.0,8.0,5.454545454545454,1.6160353486028343,p1,4.0:4.0,1:1,1,2.0,4.0,2.727272727272727,0.7496555682941201,,NA:NA,NA:NA,NA,NA,NA,NA,NA,2.2,PSG,4.0,6.0,1.0,0.0,,,0.6,2.2,1.0,0.5248,0.6,0.3333,0.2667,0.6364,0.5659,5,none,0~~1~~2~~8,3~~4~~6~~7~~9~~10
> y2,0,0,1,0.45454545454545453,0.49792959773196915,p1_2.0_2.0_Bin_0__p2_4.0_4.0_Bin_0,p1,2.0:2.0,1:1,1,2.0,4.0,2.727272727272727,0.7496555682941201,p2,4.0:4.0,1:1,1,3,8,5.454545454545454,1.6160353486028343,,NA:NA,NA:NA,NA,NA,NA,NA,NA,2.2,PSG,4.0,6.0,1.0,0.0,,,0.6,2.2,1.0,0.5248,0.6,0.3333,0.2667,0.6364,0.5659,1,none,0~~2~~5~~8,3~~4~~6~~7~~9~~10
> y2,0,0,1,0.45454545454545453,0.49792959773196915,p1_2.0_2.0_Bin_0__p2_3.0_3.0_Bin_0,p1,2.0:2.0,1:1,1,2.0,4.0,2.727272727272727,0.7496555682941201,p2,3.0:3.0,1:1,1,3,8,5.454545454545454,1.6160353486028343,,NA:NA,NA:NA,NA,NA,NA,NA,NA,2.2,PSG,4.0,6.0,1.0,0.0,,,0.6,2.2,1.0,0.5248,0.6,0.3333,0.2667,0.6364,0.5659,0,none,1~~2~~5~~8,3~~4~~6~~7~~9~~10
=================== End of Test33_smlp_toy_num_resp_mult_features_ranking.csv diff report ================================
=================== Diff report for: Test33_smlp_toy_num_resp_mult_ranking_resp_feat.csv ==================================
1,12c1,12
< p1,p2,x,y1,y2
< 2.0,3,10.0,1,1
< 2.0,4,12.0,0,1
< 3.0,4,10.0,1,1
< 2.0,6,11.0,1,0
< 2.0,8,10.0,0,0
< 4.0,7,9.0,0,1
< 3.0,6,9.0,1,0
< 3.0,4,10.0,1,0
< 4.0,4,11.0,0,1
< 2.0,7,12.0,1,0
< 3.0,7,10.0,0,0
---
> x,p2,p1,y1,y2
> 10.0,3,2.0,1,1
> 12.0,4,2.0,0,1
> 10.0,4,3.0,1,1
> 11.0,6,2.0,1,0
> 10.0,8,2.0,0,0
> 9.0,7,4.0,0,1
> 9.0,6,3.0,1,0
> 10.0,4,3.0,1,0
> 11.0,4,4.0,0,1
> 12.0,7,2.0,1,0
> 10.0,7,3.0,0,0
=================== End of Test33_smlp_toy_num_resp_mult_ranking_resp_feat.csv diff report ================================
=================== Diff report for: test63_model_rerun_model_config.json ==================================
diff: /home/mdmitry/github/smlp_tutorial/regr_smlp/code/test63_model_rerun_model_config.json: No such file or directory
=================== End of test63_model_rerun_model_config.json diff report ================================
=================== Diff report for: Test66_test65_model.txt ==================================
0a1,97
> 
> smlp_logger - INFO - Model exploration specification:
> {'version': '1.1', 'spec': [{'label': 'y1', 'type': 'response', 'range': 'float'}, {'label': 'y2', 'type': 'response', 'range': 'float'}, {'label': 'x0', 'type': 'input', 'range': 'float', 'bounds': [0, 10]}, {'label': 'x1', 'type': 'input', 'range': 'float', 'bounds': [0, 10]}, {'label': 'x2', 'type': 'input', 'range': 'float', 'bounds': [3, 7]}], 'alpha': 'x1==1 or x1==4 or x1==7'}
> 
> smlp_logger - INFO - Executing run_smlp.py script: Start
> 
> smlp_logger - INFO - Running SMLP in mode "verify": Start
> 
> smlp_logger - INFO - Computed spec global constraint expressions:
> 
> smlp_logger - INFO - Global alpha : x1==1 or x1==4 or x1==7
> 
> smlp_logger - INFO - Global beta  : None
> 
> smlp_logger - INFO - Radii  theta : {}
> 
> smlp_logger - INFO - Delta  const : {'delta_abs': 0.0, 'delta_rel': 0.01}
> 
> smlp_logger - INFO - Assertion asrt1: x0**2+y1>4.3
> 
> smlp_logger - INFO - Assertion asrt2: (y1+x2)/2<6
> 
> smlp_logger - INFO - PREPARE DATA FOR MODELING
> 
> smlp_logger - INFO - LOAD TRAINED MODEL
> 
> smlp_logger - INFO - Seving model rerun configuration in file ./../models/test65_model_rerun_model_config.json
> 
> smlp_logger - INFO - Creating model exploration base components: Start
> 
> smlp_logger - INFO - Parsing the SPEC: Start
> 
> smlp_logger - INFO - Parsing the SPEC: End
> 
> smlp_logger - INFO - Variable domains (alpha): {'y1': {'range': 'float', 'interval': None}, 'y2': {'range': 'float', 'interval': None}, 'x0': {'range': 'float', 'interval': [0, 10]}, 'x1': {'range': 'float', 'interval': [0, 10]}, 'x2': {'range': 'float', 'interval': [3, 7]}}
> 
> smlp_logger - INFO - Input bounds (alpha): {'x0': {'min': 0, 'max': 10}, 'x1': {'min': 0, 'max': 10}, 'x2': {'min': 3, 'max': 7}}
> 
> smlp_logger - INFO - Knob bounds (eta): {}
> 
> smlp_logger - INFO - Knob grids (eta): {}
> 
> smlp_logger - INFO - Alpha global   constraints: (or (or (= x1 1) (= x1 4)) (= x1 7))
> 
> smlp_logger - INFO - Alpha ranges   constraints: (and (and (and true (and (>= x0 0) (<= x0 10))) (and (>= x1 0) (<= x1 10))) (and (>= x2 3) (<= x2 7)))
> 
> smlp_logger - INFO - Alpha combined constraints: (and (and (and (and true (and (>= x0 0) (<= x0 10))) (and (>= x1 0) (<= x1 10))) (and (>= x2 3) (<= x2 7))) (or (or (= x1 1) (= x1 4)) (= x1 7)))
> 
> smlp_logger - INFO - Beta  global   constraints: true
> 
> smlp_logger - INFO - Eta   ranges   constraints: true
> 
> smlp_logger - INFO - Eta   grid     constraints: true
> 
> smlp_logger - INFO - Eta   global   constraints: true
> 
> smlp_logger - INFO - Eta   combined constraints: true
> 
> smlp_logger - INFO - Creating model exploration base components: End
> 
> smlp_logger - INFO - Input and knob interface constraints are consistent
> 
> smlp_logger - INFO - Building model terms: Start
> 
> smlp_logger - INFO - Model operator counts for y1: {'add': 1, 'mul': 15, 'ite': 5, 'and': 9, 'prop': 14, 'const': 50, 'sub': 14, 'var': 14}
> 
> smlp_logger - INFO - Model operator counts for y2: {'add': 1, 'mul': 15, 'ite': 5, 'and': 9, 'prop': 14, 'const': 50, 'sub': 14, 'var': 14}
> 
> smlp_logger - INFO - Building model terms: End
> 
> smlp_logger - INFO - Model interface constraints are consistent
> 
> smlp_logger - INFO - Verifying consistency of configuration for assertion asrt1:
>    true
> 
> smlp_logger - INFO - Input, knob and configuration constraints are consistent
> 
> smlp_logger - INFO - Verifying consistency of configuration for assertion asrt2:
>    true
> 
> smlp_logger - INFO - Input, knob and configuration constraints are consistent
> 
> smlp_logger - INFO - Verifying assertion asrt1 <-> x0**2+y1>4.3
> 
> smlp_logger - INFO - The configuration is consistent with assertion asrt1
> 
> smlp_logger - INFO - Completed with result: PASS
> 
> smlp_logger - INFO - Verifying assertion asrt2 <-> (y1+x2)/2<6
> 
> smlp_logger - INFO - The configuration is consistent with assertion asrt2
> 
> smlp_logger - INFO - Completed with result: FAIL
> 
> smlp_logger - INFO - Running SMLP in mode "verify": End
> 
> smlp_logger - INFO - Executing run_smlp.py script: End
=================== End of Test66_test65_model.txt diff report ================================
=================== Diff report for: Test66_test65_model_verify_results.json ==================================
diff: /home/mdmitry/github/smlp_tutorial/regr_smlp/code/Test66_test65_model_verify_results.json: No such file or directory
=================== End of Test66_test65_model_verify_results.json diff report ================================
=================== Diff report for: Test68_test67_model.txt ==================================
0a1,97
> 
> smlp_logger - INFO - Model exploration specification:
> {'version': '1.1', 'spec': [{'label': 'y1', 'type': 'response', 'range': 'float'}, {'label': 'y2', 'type': 'response', 'range': 'float'}, {'label': 'x0', 'type': 'input', 'range': 'float', 'bounds': [0, 10]}, {'label': 'x1', 'type': 'input', 'range': 'float', 'bounds': [0, 10]}, {'label': 'x2', 'type': 'input', 'range': 'float', 'bounds': [3, 7]}], 'alpha': 'x1==1 or x1==4 or x1==7'}
> 
> smlp_logger - INFO - Executing run_smlp.py script: Start
> 
> smlp_logger - INFO - Running SMLP in mode "verify": Start
> 
> smlp_logger - INFO - Computed spec global constraint expressions:
> 
> smlp_logger - INFO - Global alpha : x1==1 or x1==4 or x1==7
> 
> smlp_logger - INFO - Global beta  : None
> 
> smlp_logger - INFO - Radii  theta : {}
> 
> smlp_logger - INFO - Delta  const : {'delta_abs': 0.0, 'delta_rel': 0.01}
> 
> smlp_logger - INFO - Assertion asrt1: x0**2+y1>4.3
> 
> smlp_logger - INFO - Assertion asrt2: (y1+x2)/2<6
> 
> smlp_logger - INFO - PREPARE DATA FOR MODELING
> 
> smlp_logger - INFO - LOAD TRAINED MODEL
> 
> smlp_logger - INFO - Seving model rerun configuration in file ./../models/test67_model_rerun_model_config.json
> 
> smlp_logger - INFO - Creating model exploration base components: Start
> 
> smlp_logger - INFO - Parsing the SPEC: Start
> 
> smlp_logger - INFO - Parsing the SPEC: End
> 
> smlp_logger - INFO - Variable domains (alpha): {'y1': {'range': 'float', 'interval': None}, 'y2': {'range': 'float', 'interval': None}, 'x0': {'range': 'float', 'interval': [0, 10]}, 'x1': {'range': 'float', 'interval': [0, 10]}, 'x2': {'range': 'float', 'interval': [3, 7]}}
> 
> smlp_logger - INFO - Input bounds (alpha): {'x0': {'min': 0, 'max': 10}, 'x1': {'min': 0, 'max': 10}, 'x2': {'min': 3, 'max': 7}}
> 
> smlp_logger - INFO - Knob bounds (eta): {}
> 
> smlp_logger - INFO - Knob grids (eta): {}
> 
> smlp_logger - INFO - Alpha global   constraints: (or (or (= x1 1) (= x1 4)) (= x1 7))
> 
> smlp_logger - INFO - Alpha ranges   constraints: (and (and (and true (and (>= x0 0) (<= x0 10))) (and (>= x1 0) (<= x1 10))) (and (>= x2 3) (<= x2 7)))
> 
> smlp_logger - INFO - Alpha combined constraints: (and (and (and (and true (and (>= x0 0) (<= x0 10))) (and (>= x1 0) (<= x1 10))) (and (>= x2 3) (<= x2 7))) (or (or (= x1 1) (= x1 4)) (= x1 7)))
> 
> smlp_logger - INFO - Beta  global   constraints: true
> 
> smlp_logger - INFO - Eta   ranges   constraints: true
> 
> smlp_logger - INFO - Eta   grid     constraints: true
> 
> smlp_logger - INFO - Eta   global   constraints: true
> 
> smlp_logger - INFO - Eta   combined constraints: true
> 
> smlp_logger - INFO - Creating model exploration base components: End
> 
> smlp_logger - INFO - Input and knob interface constraints are consistent
> 
> smlp_logger - INFO - Building model terms: Start
> 
> smlp_logger - INFO - Model operator counts for y1: {'add': 1, 'mul': 7, 'ite': 3, 'and': 3, 'prop': 6, 'const': 24, 'sub': 6, 'var': 6}
> 
> smlp_logger - INFO - Model operator counts for y2: {'add': 1, 'mul': 4, 'ite': 2, 'and': 1, 'prop': 3, 'const': 14, 'sub': 3, 'var': 3}
> 
> smlp_logger - INFO - Building model terms: End
> 
> smlp_logger - INFO - Model interface constraints are consistent
> 
> smlp_logger - INFO - Verifying consistency of configuration for assertion asrt1:
>    true
> 
> smlp_logger - INFO - Input, knob and configuration constraints are consistent
> 
> smlp_logger - INFO - Verifying consistency of configuration for assertion asrt2:
>    true
> 
> smlp_logger - INFO - Input, knob and configuration constraints are consistent
> 
> smlp_logger - INFO - Verifying assertion asrt1 <-> x0**2+y1>4.3
> 
> smlp_logger - INFO - The configuration is consistent with assertion asrt1
> 
> smlp_logger - INFO - Completed with result: PASS
> 
> smlp_logger - INFO - Verifying assertion asrt2 <-> (y1+x2)/2<6
> 
> smlp_logger - INFO - The configuration is consistent with assertion asrt2
> 
> smlp_logger - INFO - Completed with result: FAIL
> 
> smlp_logger - INFO - Running SMLP in mode "verify": End
> 
> smlp_logger - INFO - Executing run_smlp.py script: End
=================== End of Test68_test67_model.txt diff report ================================
=================== Diff report for: Test68_test67_model_verify_results.json ==================================
diff: /home/mdmitry/github/smlp_tutorial/regr_smlp/code/Test68_test67_model_verify_results.json: No such file or directory
=================== End of Test68_test67_model_verify_results.json diff report ================================
=================== Diff report for: Test69_smlp_toy_num_resp_mult_verify_results.json ==================================
6c6
< 			"x": 8.601911912781919,
---
> 			"x": 8.601911912575982,
9c9
< 			"y2": 5.078784555196762
---
> 			"y2": 5.078784562647343
=================== End of Test69_smlp_toy_num_resp_mult_verify_results.json diff report ================================
=================== Diff report for: test69_model_rerun_model_config.json ==================================
diff: /home/mdmitry/github/smlp_tutorial/regr_smlp/code/test69_model_rerun_model_config.json: No such file or directory
=================== End of test69_model_rerun_model_config.json diff report ================================
=================== Diff report for: Test70_test69_model.txt ==================================
25a26,82
> 
> smlp_logger - INFO - Creating model exploration base components: Start
> 
> smlp_logger - INFO - Parsing the SPEC: Start
> 
> smlp_logger - INFO - Parsing the SPEC: End
> 
> smlp_logger - INFO - Variable domains (alpha): {'y2': {'range': 'float', 'interval': None}, 'x': {'range': 'float', 'interval': [0, 10]}, 'p1': {'range': 'float', 'interval': [0, 10]}, 'p2': {'range': 'float', 'interval': [3, 7]}}
> 
> smlp_logger - INFO - Input bounds (alpha): {'x': {'min': 0, 'max': 10}, 'p1': {'min': 0, 'max': 10}, 'p2': {'min': 3, 'max': 7}}
> 
> smlp_logger - INFO - Knob bounds (eta): {}
> 
> smlp_logger - INFO - Knob grids (eta): {}
> 
> smlp_logger - INFO - Alpha global   constraints: (or (or (= p1 1) (= p1 4)) (= p1 7))
> 
> smlp_logger - INFO - Alpha ranges   constraints: (and (and (and true (and (>= x 0) (<= x 10))) (and (>= p1 0) (<= p1 10))) (and (>= p2 3) (<= p2 7)))
> 
> smlp_logger - INFO - Alpha combined constraints: (and (and (and (and true (and (>= x 0) (<= x 10))) (and (>= p1 0) (<= p1 10))) (and (>= p2 3) (<= p2 7))) (or (or (= p1 1) (= p1 4)) (= p1 7)))
> 
> smlp_logger - INFO - Beta  global   constraints: true
> 
> smlp_logger - INFO - Eta   ranges   constraints: true
> 
> smlp_logger - INFO - Eta   grid     constraints: true
> 
> smlp_logger - INFO - Eta   global   constraints: true
> 
> smlp_logger - INFO - Eta   combined constraints: true
> 
> smlp_logger - INFO - Creating model exploration base components: End
> 
> smlp_logger - INFO - Input and knob interface constraints are consistent
> 
> smlp_logger - INFO - Building model terms: Start
> 
> smlp_logger - INFO - Model operator counts for y2: {'add': 256, 'mul': 472, 'ite': 39, 'prop': 39, 'const': 846, 'sub': 216, 'var': 216}
> 
> smlp_logger - INFO - Building model terms: End
> 
> smlp_logger - INFO - Model interface constraints are consistent
> 
> smlp_logger - INFO - Verifying consistency of configuration for assertion asrt1:
>    true
> 
> smlp_logger - INFO - Input, knob and configuration constraints are consistent
> 
> smlp_logger - INFO - Verifying assertion asrt1 <-> (y2**3+p2)/2<6
> 
> smlp_logger - INFO - The configuration is consistent with assertion asrt1
> 
> smlp_logger - INFO - Completed with result: FAIL
> 
> smlp_logger - INFO - Running SMLP in mode "verify": End
> 
> smlp_logger - INFO - Executing run_smlp.py script: End
=================== End of Test70_test69_model.txt diff report ================================
=================== Diff report for: Test70_test69_model_verify_results.json ==================================
diff: /home/mdmitry/github/smlp_tutorial/regr_smlp/code/Test70_test69_model_verify_results.json: No such file or directory
=================== End of Test70_test69_model_verify_results.json diff report ================================
=================== Diff report for: Test72_test71_model.txt ==================================
0a1,84
> 
> smlp_logger - INFO - Model exploration specification:
> {'version': '1.1', 'spec': [{'label': 'y1', 'type': 'response', 'range': 'float'}, {'label': 'y2', 'type': 'response', 'range': 'float'}, {'label': 'x0', 'type': 'input', 'range': 'float', 'bounds': [0, 10]}, {'label': 'x1', 'type': 'input', 'range': 'float', 'bounds': [0, 10]}, {'label': 'x2', 'type': 'input', 'range': 'float', 'bounds': [3, 7]}], 'alpha': 'x1==1 or x1==4 or x1==7'}
> 
> smlp_logger - INFO - Executing run_smlp.py script: Start
> 
> smlp_logger - INFO - Running SMLP in mode "verify": Start
> 
> smlp_logger - INFO - Computed spec global constraint expressions:
> 
> smlp_logger - INFO - Global alpha : x1==1 or x1==4 or x1==7
> 
> smlp_logger - INFO - Global beta  : None
> 
> smlp_logger - INFO - Radii  theta : {}
> 
> smlp_logger - INFO - Delta  const : {'delta_abs': 0.0, 'delta_rel': 0.01}
> 
> smlp_logger - INFO - Assertion asrt1: (y2**3+x2)/2<6
> 
> smlp_logger - INFO - PREPARE DATA FOR MODELING
> 
> smlp_logger - INFO - LOAD TRAINED MODEL
> 
> smlp_logger - INFO - Seving model rerun configuration in file ./../models/test71_model_rerun_model_config.json
> 
> smlp_logger - INFO - Creating model exploration base components: Start
> 
> smlp_logger - INFO - Parsing the SPEC: Start
> 
> smlp_logger - INFO - Parsing the SPEC: End
> 
> smlp_logger - INFO - Variable domains (alpha): {'y1': {'range': 'float', 'interval': None}, 'y2': {'range': 'float', 'interval': None}, 'x0': {'range': 'float', 'interval': [0, 10]}, 'x1': {'range': 'float', 'interval': [0, 10]}, 'x2': {'range': 'float', 'interval': [3, 7]}}
> 
> smlp_logger - INFO - Input bounds (alpha): {'x0': {'min': 0, 'max': 10}, 'x1': {'min': 0, 'max': 10}, 'x2': {'min': 3, 'max': 7}}
> 
> smlp_logger - INFO - Knob bounds (eta): {}
> 
> smlp_logger - INFO - Knob grids (eta): {}
> 
> smlp_logger - INFO - Alpha global   constraints: (or (or (= x1 1) (= x1 4)) (= x1 7))
> 
> smlp_logger - INFO - Alpha ranges   constraints: (and (and (and true (and (>= x0 0) (<= x0 10))) (and (>= x1 0) (<= x1 10))) (and (>= x2 3) (<= x2 7)))
> 
> smlp_logger - INFO - Alpha combined constraints: (and (and (and (and true (and (>= x0 0) (<= x0 10))) (and (>= x1 0) (<= x1 10))) (and (>= x2 3) (<= x2 7))) (or (or (= x1 1) (= x1 4)) (= x1 7)))
> 
> smlp_logger - INFO - Beta  global   constraints: true
> 
> smlp_logger - INFO - Eta   ranges   constraints: true
> 
> smlp_logger - INFO - Eta   grid     constraints: true
> 
> smlp_logger - INFO - Eta   global   constraints: true
> 
> smlp_logger - INFO - Eta   combined constraints: true
> 
> smlp_logger - INFO - Creating model exploration base components: End
> 
> smlp_logger - INFO - Input and knob interface constraints are consistent
> 
> smlp_logger - INFO - Building model terms: Start
> 
> smlp_logger - INFO - Model operator counts for y1: {'add': 256, 'mul': 472, 'ite': 39, 'prop': 39, 'const': 846, 'sub': 216, 'var': 216}
> 
> smlp_logger - INFO - Model operator counts for y2: {'add': 256, 'mul': 472, 'ite': 39, 'prop': 39, 'const': 846, 'sub': 216, 'var': 216}
> 
> smlp_logger - INFO - Building model terms: End
> 
> smlp_logger - INFO - Model interface constraints are consistent
> 
> smlp_logger - INFO - Verifying consistency of configuration for assertion asrt1:
>    true
> 
> smlp_logger - INFO - Input, knob and configuration constraints are consistent
> 
> smlp_logger - INFO - Verifying assertion asrt1 <-> (y2**3+x2)/2<6
> 
> smlp_logger - INFO - The configuration is consistent with assertion asrt1
> 
> smlp_logger - INFO - Completed with result: FAIL
> 
> smlp_logger - INFO - Running SMLP in mode "verify": End
> 
> smlp_logger - INFO - Executing run_smlp.py script: End
=================== End of Test72_test71_model.txt diff report ================================
=================== Diff report for: Test72_test71_model_verify_results.json ==================================
diff: /home/mdmitry/github/smlp_tutorial/regr_smlp/code/Test72_test71_model_verify_results.json: No such file or directory
=================== End of Test72_test71_model_verify_results.json diff report ================================
=================== Diff report for: Test77_test76_model.txt ==================================
0a1,110
> 
> smlp_logger - INFO - Model exploration specification:
> {'version': '1.1', 'spec': [{'label': 'y1', 'type': 'response', 'range': 'float'}, {'label': 'y2', 'type': 'response', 'range': 'float'}, {'label': 'x0', 'type': 'input', 'range': 'float', 'bounds': [0, 10]}, {'label': 'x1', 'type': 'input', 'range': 'float', 'bounds': [0, 10]}, {'label': 'x2', 'type': 'input', 'range': 'float', 'bounds': [3, 7]}], 'alpha': 'x1==1 or x1==4 or x1==7'}
> 
> smlp_logger - INFO - Executing run_smlp.py script: Start
> 
> smlp_logger - INFO - Running SMLP in mode "verify": Start
> 
> smlp_logger - INFO - Computed spec global constraint expressions:
> 
> smlp_logger - INFO - Global alpha : x1==1 or x1==4 or x1==7
> 
> smlp_logger - INFO - Global beta  : None
> 
> smlp_logger - INFO - Radii  theta : {}
> 
> smlp_logger - INFO - Delta  const : {'delta_abs': 0.0, 'delta_rel': 0.01}
> 
> smlp_logger - INFO - Assertion asrt1: (y2**3+x2)/2<6
> 
> smlp_logger - INFO - Assertion asrt2: y1>=9
> 
> smlp_logger - INFO - Assertion asrt3: y2<0
> 
> smlp_logger - INFO - PREPARE DATA FOR MODELING
> 
> smlp_logger - INFO - LOAD TRAINED MODEL
> 
> smlp_logger - INFO - Seving model rerun configuration in file ./../models/test76_model_rerun_model_config.json
> 
> smlp_logger - INFO - Creating model exploration base components: Start
> 
> smlp_logger - INFO - Parsing the SPEC: Start
> 
> smlp_logger - INFO - Parsing the SPEC: End
> 
> smlp_logger - INFO - Variable domains (alpha): {'y1': {'range': 'float', 'interval': None}, 'y2': {'range': 'float', 'interval': None}, 'x0': {'range': 'float', 'interval': [0, 10]}, 'x1': {'range': 'float', 'interval': [0, 10]}, 'x2': {'range': 'float', 'interval': [3, 7]}}
> 
> smlp_logger - INFO - Input bounds (alpha): {'x0': {'min': 0, 'max': 10}, 'x1': {'min': 0, 'max': 10}, 'x2': {'min': 3, 'max': 7}}
> 
> smlp_logger - INFO - Knob bounds (eta): {}
> 
> smlp_logger - INFO - Knob grids (eta): {}
> 
> smlp_logger - INFO - Alpha global   constraints: (or (or (= x1 1) (= x1 4)) (= x1 7))
> 
> smlp_logger - INFO - Alpha ranges   constraints: (and (and true (and (>= x1 0) (<= x1 10))) (and (>= x2 3) (<= x2 7)))
> 
> smlp_logger - INFO - Alpha combined constraints: (and (and (and true (and (>= x1 0) (<= x1 10))) (and (>= x2 3) (<= x2 7))) (or (or (= x1 1) (= x1 4)) (= x1 7)))
> 
> smlp_logger - INFO - Beta  global   constraints: true
> 
> smlp_logger - INFO - Eta   ranges   constraints: true
> 
> smlp_logger - INFO - Eta   grid     constraints: true
> 
> smlp_logger - INFO - Eta   global   constraints: true
> 
> smlp_logger - INFO - Eta   combined constraints: true
> 
> smlp_logger - INFO - Creating model exploration base components: End
> 
> smlp_logger - INFO - Input and knob interface constraints are consistent
> 
> smlp_logger - INFO - Building model terms: Start
> 
> smlp_logger - INFO - Model operator counts for y1: {'add': 1, 'mul': 21, 'ite': 6, 'and': 14, 'prop': 20, 'const': 69, 'sub': 20, 'var': 20}
> 
> smlp_logger - INFO - Model operator counts for y2: {'add': 1, 'mul': 21, 'ite': 6, 'and': 14, 'prop': 20, 'const': 69, 'sub': 20, 'var': 20}
> 
> smlp_logger - INFO - Building model terms: End
> 
> smlp_logger - INFO - Model interface constraints are consistent
> 
> smlp_logger - INFO - Verifying consistency of configuration for assertion asrt1:
>    true
> 
> smlp_logger - INFO - Input, knob and configuration constraints are consistent
> 
> smlp_logger - INFO - Verifying consistency of configuration for assertion asrt2:
>    true
> 
> smlp_logger - INFO - Input, knob and configuration constraints are consistent
> 
> smlp_logger - INFO - Verifying consistency of configuration for assertion asrt3:
>    true
> 
> smlp_logger - INFO - Input, knob and configuration constraints are consistent
> 
> smlp_logger - INFO - Verifying assertion asrt1 <-> (y2**3+x2)/2<6
> 
> smlp_logger - INFO - The configuration is inconsistent with assertion asrt1
> 
> smlp_logger - INFO - Completed with result: FAIL
> 
> smlp_logger - INFO - Verifying assertion asrt2 <-> y1>=9
> 
> smlp_logger - INFO - The configuration is consistent with assertion asrt2
> 
> smlp_logger - INFO - Completed with result: FAIL
> 
> smlp_logger - INFO - Verifying assertion asrt3 <-> y2<0
> 
> smlp_logger - INFO - The configuration is inconsistent with assertion asrt3
> 
> smlp_logger - INFO - Completed with result: FAIL
> 
> smlp_logger - INFO - Running SMLP in mode "verify": End
> 
> smlp_logger - INFO - Executing run_smlp.py script: End
=================== End of Test77_test76_model.txt diff report ================================
=================== Diff report for: Test77_test76_model_verify_results.json ==================================
diff: /home/mdmitry/github/smlp_tutorial/regr_smlp/code/Test77_test76_model_verify_results.json: No such file or directory
=================== End of Test77_test76_model_verify_results.json diff report ================================
=================== Diff report for: Test87_smlp_toy_num_resp_mult_rerun_model_config.json ==================================
73a74,76
>     "model_caret_cross_validation": true,
>     "model_caret_return_train_score": false,
>     "model_caret_verbose": true,
147a151,154
>     "setup_caret_data_split_shuffle": true,
>     "setup_caret_fold": 0,
>     "setup_caret_session_id": null,
>     "setup_caret_verbose": true,
160a168,169
>     "tuner_caret_search_algorithm": "random",
>     "tuner_caret_tuner_verbose": true,
=================== End of Test87_smlp_toy_num_resp_mult_rerun_model_config.json diff report ================================
=================== Diff report for: Test92_smlp_toy_num_resp_mult_rerun_model_config.json ==================================
73a74,76
>     "model_caret_cross_validation": true,
>     "model_caret_return_train_score": false,
>     "model_caret_verbose": true,
147a151,154
>     "setup_caret_data_split_shuffle": true,
>     "setup_caret_fold": 0,
>     "setup_caret_session_id": null,
>     "setup_caret_verbose": true,
160a168,169
>     "tuner_caret_search_algorithm": "random",
>     "tuner_caret_tuner_verbose": true,
=================== End of Test92_smlp_toy_num_resp_mult_rerun_model_config.json diff report ================================
=================== Diff report for: test101_model_rerun_model_config.json ==================================
diff: /home/mdmitry/github/smlp_tutorial/regr_smlp/code/test101_model_rerun_model_config.json: No such file or directory
=================== End of test101_model_rerun_model_config.json diff report ================================
=================== Diff report for: test103_model_rerun_model_config.json ==================================
diff: /home/mdmitry/github/smlp_tutorial/regr_smlp/code/test103_model_rerun_model_config.json: No such file or directory
=================== End of test103_model_rerun_model_config.json diff report ================================
=================== Diff report for: test110_model_poly_sklearn_formula.txt ==================================
diff: /home/mdmitry/github/smlp_tutorial/regr_smlp/code/test110_model_poly_sklearn_formula.txt: No such file or directory
=================== End of test110_model_poly_sklearn_formula.txt diff report ================================
=================== Diff report for: test110_model_rerun_model_config.json ==================================
diff: /home/mdmitry/github/smlp_tutorial/regr_smlp/code/test110_model_rerun_model_config.json: No such file or directory
=================== End of test110_model_rerun_model_config.json diff report ================================
=================== Diff report for: test113_model_rerun_model_config.json ==================================
diff: /home/mdmitry/github/smlp_tutorial/regr_smlp/code/test113_model_rerun_model_config.json: No such file or directory
=================== End of test113_model_rerun_model_config.json diff report ================================
